{"C:\\Users\\nguye\\Desktop\\Project\\weather-app\\src\\components\\layout\\MainContent\\MainContent.tsx": {"path":"C:\\Users\\nguye\\Desktop\\Project\\weather-app\\src\\components\\layout\\MainContent\\MainContent.tsx","all":false,"statementMap":{"0":{"start":{"line":1,"column":0},"end":{"line":1,"column":32}},"1":{"start":{"line":2,"column":0},"end":{"line":2,"column":74}},"2":{"start":{"line":3,"column":0},"end":{"line":3,"column":58}},"3":{"start":{"line":4,"column":0},"end":{"line":4,"column":61}},"5":{"start":{"line":6,"column":0},"end":{"line":6,"column":81}},"6":{"start":{"line":7,"column":0},"end":{"line":7,"column":72}},"7":{"start":{"line":8,"column":0},"end":{"line":8,"column":8}},"12":{"start":{"line":13,"column":0},"end":{"line":13,"column":28}},"14":{"start":{"line":15,"column":0},"end":{"line":15,"column":27}},"15":{"start":{"line":16,"column":0},"end":{"line":16,"column":70}},"17":{"start":{"line":18,"column":0},"end":{"line":18,"column":68}},"18":{"start":{"line":19,"column":0},"end":{"line":19,"column":24}},"19":{"start":{"line":20,"column":0},"end":{"line":20,"column":25}},"20":{"start":{"line":21,"column":0},"end":{"line":21,"column":12}},"21":{"start":{"line":22,"column":0},"end":{"line":22,"column":21}},"22":{"start":{"line":23,"column":0},"end":{"line":23,"column":27}},"23":{"start":{"line":24,"column":0},"end":{"line":24,"column":27}},"24":{"start":{"line":25,"column":0},"end":{"line":25,"column":38}},"25":{"start":{"line":26,"column":0},"end":{"line":26,"column":6}},"26":{"start":{"line":27,"column":0},"end":{"line":27,"column":14}},"27":{"start":{"line":28,"column":0},"end":{"line":28,"column":21}},"28":{"start":{"line":29,"column":0},"end":{"line":29,"column":23}},"29":{"start":{"line":30,"column":0},"end":{"line":30,"column":29}},"30":{"start":{"line":31,"column":0},"end":{"line":31,"column":15}},"31":{"start":{"line":32,"column":0},"end":{"line":32,"column":22}},"32":{"start":{"line":33,"column":0},"end":{"line":33,"column":6}},"33":{"start":{"line":34,"column":0},"end":{"line":34,"column":13}},"34":{"start":{"line":35,"column":0},"end":{"line":35,"column":27}},"35":{"start":{"line":36,"column":0},"end":{"line":36,"column":17}},"36":{"start":{"line":37,"column":0},"end":{"line":37,"column":21}},"37":{"start":{"line":38,"column":0},"end":{"line":38,"column":5}},"39":{"start":{"line":40,"column":0},"end":{"line":40,"column":37}},"40":{"start":{"line":41,"column":0},"end":{"line":41,"column":12}},"41":{"start":{"line":42,"column":0},"end":{"line":42,"column":48}},"42":{"start":{"line":43,"column":0},"end":{"line":43,"column":52}},"43":{"start":{"line":44,"column":0},"end":{"line":44,"column":46}},"44":{"start":{"line":45,"column":0},"end":{"line":45,"column":31}},"45":{"start":{"line":46,"column":0},"end":{"line":46,"column":34}},"46":{"start":{"line":47,"column":0},"end":{"line":47,"column":33}},"47":{"start":{"line":48,"column":0},"end":{"line":48,"column":49}},"48":{"start":{"line":49,"column":0},"end":{"line":49,"column":7}},"49":{"start":{"line":50,"column":0},"end":{"line":50,"column":11}},"50":{"start":{"line":51,"column":0},"end":{"line":51,"column":4}},"52":{"start":{"line":53,"column":0},"end":{"line":53,"column":35}},"53":{"start":{"line":54,"column":0},"end":{"line":54,"column":48}},"54":{"start":{"line":55,"column":0},"end":{"line":55,"column":11}},"55":{"start":{"line":56,"column":0},"end":{"line":56,"column":4}},"57":{"start":{"line":58,"column":0},"end":{"line":58,"column":74}},"59":{"start":{"line":60,"column":0},"end":{"line":60,"column":10}},"60":{"start":{"line":61,"column":0},"end":{"line":61,"column":27}},"61":{"start":{"line":62,"column":0},"end":{"line":62,"column":21}},"62":{"start":{"line":63,"column":0},"end":{"line":63,"column":10}},"63":{"start":{"line":64,"column":0},"end":{"line":64,"column":44}},"64":{"start":{"line":65,"column":0},"end":{"line":65,"column":38}},"65":{"start":{"line":66,"column":0},"end":{"line":66,"column":20}},"66":{"start":{"line":67,"column":0},"end":{"line":67,"column":45}},"67":{"start":{"line":68,"column":0},"end":{"line":68,"column":37}},"68":{"start":{"line":69,"column":0},"end":{"line":69,"column":20}},"69":{"start":{"line":70,"column":0},"end":{"line":70,"column":11}},"70":{"start":{"line":71,"column":0},"end":{"line":71,"column":15}},"72":{"start":{"line":73,"column":0},"end":{"line":73,"column":72}},"74":{"start":{"line":75,"column":0},"end":{"line":75,"column":49}},"75":{"start":{"line":76,"column":0},"end":{"line":76,"column":10}},"76":{"start":{"line":77,"column":0},"end":{"line":77,"column":44}},"77":{"start":{"line":78,"column":0},"end":{"line":78,"column":27}},"78":{"start":{"line":79,"column":0},"end":{"line":79,"column":37}},"79":{"start":{"line":80,"column":0},"end":{"line":80,"column":59}},"80":{"start":{"line":81,"column":0},"end":{"line":81,"column":55}},"81":{"start":{"line":82,"column":0},"end":{"line":82,"column":59}},"82":{"start":{"line":83,"column":0},"end":{"line":83,"column":45}},"83":{"start":{"line":84,"column":0},"end":{"line":84,"column":49}},"84":{"start":{"line":85,"column":0},"end":{"line":85,"column":47}},"85":{"start":{"line":86,"column":0},"end":{"line":86,"column":63}},"86":{"start":{"line":87,"column":0},"end":{"line":87,"column":14}},"87":{"start":{"line":88,"column":0},"end":{"line":88,"column":20}},"89":{"start":{"line":90,"column":0},"end":{"line":90,"column":45}},"90":{"start":{"line":91,"column":0},"end":{"line":91,"column":59}},"91":{"start":{"line":92,"column":0},"end":{"line":92,"column":20}},"92":{"start":{"line":93,"column":0},"end":{"line":93,"column":11}},"93":{"start":{"line":94,"column":0},"end":{"line":94,"column":15}},"94":{"start":{"line":95,"column":0},"end":{"line":95,"column":11}},"96":{"start":{"line":97,"column":0},"end":{"line":97,"column":2}},"98":{"start":{"line":99,"column":0},"end":{"line":99,"column":27}}},"s":{"0":1,"1":1,"2":1,"3":1,"5":1,"6":1,"7":1,"12":1,"14":1,"15":3,"17":3,"18":3,"19":3,"20":3,"21":3,"22":3,"23":3,"24":3,"25":3,"26":3,"27":3,"28":3,"29":3,"30":3,"31":3,"32":3,"33":3,"34":3,"35":3,"36":3,"37":3,"39":3,"40":3,"41":3,"42":3,"43":3,"44":3,"45":3,"46":3,"47":3,"48":3,"49":3,"50":3,"52":3,"53":3,"54":3,"55":3,"57":3,"59":3,"60":3,"61":3,"62":1,"63":1,"64":1,"65":1,"66":1,"67":1,"68":1,"69":1,"70":2,"72":3,"74":3,"75":1,"76":1,"77":1,"78":1,"79":1,"80":1,"81":1,"82":1,"83":1,"84":1,"85":1,"86":1,"87":1,"89":1,"90":1,"91":1,"92":1,"93":2,"94":3,"96":3,"98":1},"branchMap":{"0":{"type":"branch","line":15,"loc":{"start":{"line":15,"column":20},"end":{"line":97,"column":2}},"locations":[{"start":{"line":15,"column":20},"end":{"line":97,"column":2}}]},"1":{"type":"branch","line":58,"loc":{"start":{"line":58,"column":50},"end":{"line":58,"column":74}},"locations":[{"start":{"line":58,"column":50},"end":{"line":58,"column":74}}]},"2":{"type":"branch","line":62,"loc":{"start":{"line":62,"column":7},"end":{"line":70,"column":11}},"locations":[{"start":{"line":62,"column":7},"end":{"line":70,"column":11}}]},"3":{"type":"branch","line":70,"loc":{"start":{"line":70,"column":8},"end":{"line":71,"column":15}},"locations":[{"start":{"line":70,"column":8},"end":{"line":71,"column":15}}]},"4":{"type":"branch","line":73,"loc":{"start":{"line":73,"column":7},"end":{"line":73,"column":72}},"locations":[{"start":{"line":73,"column":7},"end":{"line":73,"column":72}}]},"5":{"type":"branch","line":75,"loc":{"start":{"line":75,"column":7},"end":{"line":93,"column":11}},"locations":[{"start":{"line":75,"column":7},"end":{"line":93,"column":11}}]},"6":{"type":"branch","line":93,"loc":{"start":{"line":93,"column":8},"end":{"line":94,"column":15}},"locations":[{"start":{"line":93,"column":8},"end":{"line":94,"column":15}}]},"7":{"type":"branch","line":41,"loc":{"start":{"line":41,"column":4},"end":{"line":49,"column":7}},"locations":[{"start":{"line":41,"column":4},"end":{"line":49,"column":7}}]},"8":{"type":"branch","line":42,"loc":{"start":{"line":42,"column":19},"end":{"line":42,"column":33}},"locations":[{"start":{"line":42,"column":19},"end":{"line":42,"column":33}}]},"9":{"type":"branch","line":43,"loc":{"start":{"line":43,"column":17},"end":{"line":43,"column":31}},"locations":[{"start":{"line":43,"column":17},"end":{"line":43,"column":31}}]},"10":{"type":"branch","line":44,"loc":{"start":{"line":44,"column":19},"end":{"line":44,"column":33}},"locations":[{"start":{"line":44,"column":19},"end":{"line":44,"column":33}}]},"11":{"type":"branch","line":45,"loc":{"start":{"line":45,"column":12},"end":{"line":45,"column":26}},"locations":[{"start":{"line":45,"column":12},"end":{"line":45,"column":26}}]},"12":{"type":"branch","line":46,"loc":{"start":{"line":46,"column":13},"end":{"line":46,"column":27}},"locations":[{"start":{"line":46,"column":13},"end":{"line":46,"column":27}}]},"13":{"type":"branch","line":47,"loc":{"start":{"line":47,"column":13},"end":{"line":47,"column":33}},"locations":[{"start":{"line":47,"column":13},"end":{"line":47,"column":33}}]},"14":{"type":"branch","line":48,"loc":{"start":{"line":48,"column":21},"end":{"line":48,"column":35}},"locations":[{"start":{"line":48,"column":21},"end":{"line":48,"column":35}}]},"15":{"type":"branch","line":54,"loc":{"start":{"line":54,"column":4},"end":{"line":54,"column":48}},"locations":[{"start":{"line":54,"column":4},"end":{"line":54,"column":48}}]},"16":{"type":"branch","line":54,"loc":{"start":{"line":54,"column":29},"end":{"line":54,"column":44}},"locations":[{"start":{"line":54,"column":29},"end":{"line":54,"column":44}}]},"17":{"type":"branch","line":54,"loc":{"start":{"line":54,"column":35},"end":{"line":54,"column":46}},"locations":[{"start":{"line":54,"column":35},"end":{"line":54,"column":46}}]}},"b":{"0":[3],"1":[2],"2":[1],"3":[2],"4":[1],"5":[1],"6":[2],"7":[3],"8":[1],"9":[1],"10":[1],"11":[1],"12":[1],"13":[1],"14":[1],"15":[3],"16":[1],"17":[2]},"fnMap":{"0":{"name":"MainContent","decl":{"start":{"line":15,"column":20},"end":{"line":97,"column":2}},"loc":{"start":{"line":15,"column":20},"end":{"line":97,"column":2}},"line":15}},"f":{"0":3}}
,"C:\\Users\\nguye\\Desktop\\Project\\weather-app\\src\\components\\shared\\WeatherIcon\\WeatherIcon.tsx": {"path":"C:\\Users\\nguye\\Desktop\\Project\\weather-app\\src\\components\\shared\\WeatherIcon\\WeatherIcon.tsx","all":false,"statementMap":{"0":{"start":{"line":1,"column":0},"end":{"line":1,"column":44}},"1":{"start":{"line":2,"column":0},"end":{"line":2,"column":42}},"3":{"start":{"line":4,"column":0},"end":{"line":4,"column":73}},"6":{"start":{"line":7,"column":0},"end":{"line":7,"column":3}},"16":{"start":{"line":17,"column":0},"end":{"line":17,"column":29}},"17":{"start":{"line":18,"column":0},"end":{"line":18,"column":7}},"18":{"start":{"line":19,"column":0},"end":{"line":19,"column":17}},"19":{"start":{"line":20,"column":0},"end":{"line":20,"column":12}},"20":{"start":{"line":21,"column":0},"end":{"line":21,"column":15}},"21":{"start":{"line":22,"column":0},"end":{"line":22,"column":17}},"22":{"start":{"line":23,"column":0},"end":{"line":23,"column":22}},"23":{"start":{"line":24,"column":0},"end":{"line":24,"column":45}},"26":{"start":{"line":27,"column":0},"end":{"line":27,"column":52}},"28":{"start":{"line":29,"column":0},"end":{"line":29,"column":19}},"29":{"start":{"line":30,"column":0},"end":{"line":30,"column":25}},"31":{"start":{"line":32,"column":0},"end":{"line":32,"column":34}},"32":{"start":{"line":33,"column":0},"end":{"line":33,"column":79}},"33":{"start":{"line":34,"column":0},"end":{"line":34,"column":78}},"35":{"start":{"line":36,"column":0},"end":{"line":36,"column":11}},"36":{"start":{"line":37,"column":0},"end":{"line":37,"column":22}},"37":{"start":{"line":38,"column":0},"end":{"line":38,"column":26}},"38":{"start":{"line":39,"column":0},"end":{"line":39,"column":42}},"39":{"start":{"line":40,"column":0},"end":{"line":40,"column":41}},"40":{"start":{"line":41,"column":0},"end":{"line":41,"column":50}},"41":{"start":{"line":42,"column":0},"end":{"line":42,"column":9}},"43":{"start":{"line":44,"column":0},"end":{"line":44,"column":37}},"44":{"start":{"line":45,"column":0},"end":{"line":45,"column":38}},"45":{"start":{"line":46,"column":0},"end":{"line":46,"column":9}},"46":{"start":{"line":47,"column":0},"end":{"line":47,"column":21}},"47":{"start":{"line":48,"column":0},"end":{"line":48,"column":60}},"48":{"start":{"line":49,"column":0},"end":{"line":49,"column":7}},"49":{"start":{"line":50,"column":0},"end":{"line":50,"column":6}},"51":{"start":{"line":52,"column":0},"end":{"line":52,"column":15}},"53":{"start":{"line":54,"column":0},"end":{"line":54,"column":18}},"54":{"start":{"line":55,"column":0},"end":{"line":55,"column":24}},"55":{"start":{"line":56,"column":0},"end":{"line":56,"column":6}},"56":{"start":{"line":57,"column":0},"end":{"line":57,"column":28}},"58":{"start":{"line":59,"column":0},"end":{"line":59,"column":13}},"59":{"start":{"line":60,"column":0},"end":{"line":60,"column":16}},"60":{"start":{"line":61,"column":0},"end":{"line":61,"column":3}},"62":{"start":{"line":63,"column":0},"end":{"line":63,"column":10}},"63":{"start":{"line":64,"column":0},"end":{"line":64,"column":8}},"64":{"start":{"line":65,"column":0},"end":{"line":65,"column":15}},"65":{"start":{"line":66,"column":0},"end":{"line":66,"column":24}},"66":{"start":{"line":67,"column":0},"end":{"line":67,"column":18}},"67":{"start":{"line":68,"column":0},"end":{"line":68,"column":19}},"68":{"start":{"line":69,"column":0},"end":{"line":69,"column":27}},"69":{"start":{"line":70,"column":0},"end":{"line":70,"column":6}},"71":{"start":{"line":72,"column":0},"end":{"line":72,"column":1}}},"s":{"0":1,"1":1,"3":1,"6":1,"16":1,"17":9,"18":9,"19":9,"20":9,"21":9,"22":9,"23":9,"26":9,"28":9,"29":9,"31":9,"32":9,"33":9,"35":9,"36":9,"37":9,"38":9,"39":9,"40":0,"41":0,"43":9,"44":0,"45":0,"46":9,"47":0,"48":0,"49":9,"51":9,"53":9,"54":9,"55":9,"56":9,"58":9,"59":9,"60":9,"62":0,"63":0,"64":0,"65":0,"66":0,"67":0,"68":0,"69":0,"71":0},"branchMap":{"0":{"type":"branch","line":4,"loc":{"start":{"line":4,"column":72},"end":{"line":4,"column":73}},"locations":[{"start":{"line":4,"column":72},"end":{"line":4,"column":73}}]},"1":{"type":"branch","line":4,"loc":{"start":{"line":4,"column":72},"end":{"line":4,"column":73}},"locations":[{"start":{"line":4,"column":72},"end":{"line":4,"column":73}}]},"2":{"type":"branch","line":4,"loc":{"start":{"line":4,"column":72},"end":{"line":4,"column":73}},"locations":[{"start":{"line":4,"column":72},"end":{"line":4,"column":73}}]},"3":{"type":"branch","line":4,"loc":{"start":{"line":4,"column":72},"end":{"line":4,"column":73}},"locations":[{"start":{"line":4,"column":72},"end":{"line":4,"column":73}}]},"4":{"type":"branch","line":17,"loc":{"start":{"line":17,"column":7},"end":{"line":72,"column":1}},"locations":[{"start":{"line":17,"column":7},"end":{"line":72,"column":1}}]},"5":{"type":"branch","line":61,"loc":{"start":{"line":61,"column":2},"end":{"line":72,"column":1}},"locations":[{"start":{"line":61,"column":2},"end":{"line":72,"column":1}}]},"6":{"type":"branch","line":29,"loc":{"start":{"line":29,"column":12},"end":{"line":57,"column":5}},"locations":[{"start":{"line":29,"column":12},"end":{"line":57,"column":5}}]},"7":{"type":"branch","line":32,"loc":{"start":{"line":32,"column":21},"end":{"line":50,"column":6}},"locations":[{"start":{"line":32,"column":21},"end":{"line":50,"column":6}}]},"8":{"type":"branch","line":40,"loc":{"start":{"line":40,"column":8},"end":{"line":42,"column":9}},"locations":[{"start":{"line":40,"column":8},"end":{"line":42,"column":9}}]},"9":{"type":"branch","line":44,"loc":{"start":{"line":44,"column":12},"end":{"line":44,"column":36}},"locations":[{"start":{"line":44,"column":12},"end":{"line":44,"column":36}}]},"10":{"type":"branch","line":44,"loc":{"start":{"line":44,"column":36},"end":{"line":46,"column":9}},"locations":[{"start":{"line":44,"column":36},"end":{"line":46,"column":9}}]},"11":{"type":"branch","line":47,"loc":{"start":{"line":47,"column":6},"end":{"line":49,"column":7}},"locations":[{"start":{"line":47,"column":6},"end":{"line":49,"column":7}}]},"12":{"type":"branch","line":54,"loc":{"start":{"line":54,"column":11},"end":{"line":56,"column":6}},"locations":[{"start":{"line":54,"column":11},"end":{"line":56,"column":6}}]}},"b":{"0":[4],"1":[4],"2":[5],"3":[5],"4":[9],"5":[0],"6":[9],"7":[9],"8":[0],"9":[0],"10":[0],"11":[0],"12":[9]},"fnMap":{"0":{"name":"/node_modules/@meteocons/svg/fill/alert-avalanche-danger.svg","decl":{"start":{"line":4,"column":72},"end":{"line":4,"column":73}},"loc":{"start":{"line":4,"column":72},"end":{"line":4,"column":73}},"line":4},"1":{"name":"/node_modules/@meteocons/svg/fill/alert-falling-rocks.svg","decl":{"start":{"line":4,"column":72},"end":{"line":4,"column":73}},"loc":{"start":{"line":4,"column":72},"end":{"line":4,"column":73}},"line":4},"2":{"name":"/node_modules/@meteocons/svg/fill/barometer-extreme.svg","decl":{"start":{"line":4,"column":72},"end":{"line":4,"column":73}},"loc":{"start":{"line":4,"column":72},"end":{"line":4,"column":73}},"line":4},"3":{"name":"/node_modules/@meteocons/svg/fill/barometer-high.svg","decl":{"start":{"line":4,"column":72},"end":{"line":4,"column":73}},"loc":{"start":{"line":4,"column":72},"end":{"line":4,"column":73}},"line":4},"4":{"name":"/node_modules/@meteocons/svg/fill/barometer-low.svg","decl":{"start":{"line":4,"column":72},"end":{"line":4,"column":73}},"loc":{"start":{"line":4,"column":72},"end":{"line":4,"column":73}},"line":4},"5":{"name":"/node_modules/@meteocons/svg/fill/barometer-moderate.svg","decl":{"start":{"line":4,"column":72},"end":{"line":4,"column":73}},"loc":{"start":{"line":4,"column":72},"end":{"line":4,"column":73}},"line":4},"6":{"name":"/node_modules/@meteocons/svg/fill/barometer-verry-high.svg","decl":{"start":{"line":4,"column":72},"end":{"line":4,"column":73}},"loc":{"start":{"line":4,"column":72},"end":{"line":4,"column":73}},"line":4},"7":{"name":"/node_modules/@meteocons/svg/fill/barometer.svg","decl":{"start":{"line":4,"column":72},"end":{"line":4,"column":73}},"loc":{"start":{"line":4,"column":72},"end":{"line":4,"column":73}},"line":4},"8":{"name":"/node_modules/@meteocons/svg/fill/beanie.svg","decl":{"start":{"line":4,"column":72},"end":{"line":4,"column":73}},"loc":{"start":{"line":4,"column":72},"end":{"line":4,"column":73}},"line":4},"9":{"name":"/node_modules/@meteocons/svg/fill/celsius.svg","decl":{"start":{"line":4,"column":72},"end":{"line":4,"column":73}},"loc":{"start":{"line":4,"column":72},"end":{"line":4,"column":73}},"line":4},"10":{"name":"/node_modules/@meteocons/svg/fill/clear-day.svg","decl":{"start":{"line":4,"column":72},"end":{"line":4,"column":73}},"loc":{"start":{"line":4,"column":72},"end":{"line":4,"column":73}},"line":4},"11":{"name":"/node_modules/@meteocons/svg/fill/clear-night.svg","decl":{"start":{"line":4,"column":72},"end":{"line":4,"column":73}},"loc":{"start":{"line":4,"column":72},"end":{"line":4,"column":73}},"line":4},"12":{"name":"/node_modules/@meteocons/svg/fill/cloud-down.svg","decl":{"start":{"line":4,"column":72},"end":{"line":4,"column":73}},"loc":{"start":{"line":4,"column":72},"end":{"line":4,"column":73}},"line":4},"13":{"name":"/node_modules/@meteocons/svg/fill/cloud-up.svg","decl":{"start":{"line":4,"column":72},"end":{"line":4,"column":73}},"loc":{"start":{"line":4,"column":72},"end":{"line":4,"column":73}},"line":4},"14":{"name":"/node_modules/@meteocons/svg/fill/cloudy.svg","decl":{"start":{"line":4,"column":72},"end":{"line":4,"column":73}},"loc":{"start":{"line":4,"column":72},"end":{"line":4,"column":73}},"line":4},"15":{"name":"/node_modules/@meteocons/svg/fill/code-green.svg","decl":{"start":{"line":4,"column":72},"end":{"line":4,"column":73}},"loc":{"start":{"line":4,"column":72},"end":{"line":4,"column":73}},"line":4},"16":{"name":"/node_modules/@meteocons/svg/fill/code-orange.svg","decl":{"start":{"line":4,"column":72},"end":{"line":4,"column":73}},"loc":{"start":{"line":4,"column":72},"end":{"line":4,"column":73}},"line":4},"17":{"name":"/node_modules/@meteocons/svg/fill/code-purple.svg","decl":{"start":{"line":4,"column":72},"end":{"line":4,"column":73}},"loc":{"start":{"line":4,"column":72},"end":{"line":4,"column":73}},"line":4},"18":{"name":"/node_modules/@meteocons/svg/fill/code-red.svg","decl":{"start":{"line":4,"column":72},"end":{"line":4,"column":73}},"loc":{"start":{"line":4,"column":72},"end":{"line":4,"column":73}},"line":4},"19":{"name":"/node_modules/@meteocons/svg/fill/code-yellow.svg","decl":{"start":{"line":4,"column":72},"end":{"line":4,"column":73}},"loc":{"start":{"line":4,"column":72},"end":{"line":4,"column":73}},"line":4},"20":{"name":"/node_modules/@meteocons/svg/fill/compass-e.svg","decl":{"start":{"line":4,"column":72},"end":{"line":4,"column":73}},"loc":{"start":{"line":4,"column":72},"end":{"line":4,"column":73}},"line":4},"21":{"name":"/node_modules/@meteocons/svg/fill/compass-n.svg","decl":{"start":{"line":4,"column":72},"end":{"line":4,"column":73}},"loc":{"start":{"line":4,"column":72},"end":{"line":4,"column":73}},"line":4},"22":{"name":"/node_modules/@meteocons/svg/fill/compass-ne.svg","decl":{"start":{"line":4,"column":72},"end":{"line":4,"column":73}},"loc":{"start":{"line":4,"column":72},"end":{"line":4,"column":73}},"line":4},"23":{"name":"/node_modules/@meteocons/svg/fill/compass-nw.svg","decl":{"start":{"line":4,"column":72},"end":{"line":4,"column":73}},"loc":{"start":{"line":4,"column":72},"end":{"line":4,"column":73}},"line":4},"24":{"name":"/node_modules/@meteocons/svg/fill/compass-s.svg","decl":{"start":{"line":4,"column":72},"end":{"line":4,"column":73}},"loc":{"start":{"line":4,"column":72},"end":{"line":4,"column":73}},"line":4},"25":{"name":"/node_modules/@meteocons/svg/fill/compass-se.svg","decl":{"start":{"line":4,"column":72},"end":{"line":4,"column":73}},"loc":{"start":{"line":4,"column":72},"end":{"line":4,"column":73}},"line":4},"26":{"name":"/node_modules/@meteocons/svg/fill/compass-sw.svg","decl":{"start":{"line":4,"column":72},"end":{"line":4,"column":73}},"loc":{"start":{"line":4,"column":72},"end":{"line":4,"column":73}},"line":4},"27":{"name":"/node_modules/@meteocons/svg/fill/compass-w.svg","decl":{"start":{"line":4,"column":72},"end":{"line":4,"column":73}},"loc":{"start":{"line":4,"column":72},"end":{"line":4,"column":73}},"line":4},"28":{"name":"/node_modules/@meteocons/svg/fill/compass.svg","decl":{"start":{"line":4,"column":72},"end":{"line":4,"column":73}},"loc":{"start":{"line":4,"column":72},"end":{"line":4,"column":73}},"line":4},"29":{"name":"/node_modules/@meteocons/svg/fill/drizzle.svg","decl":{"start":{"line":4,"column":72},"end":{"line":4,"column":73}},"loc":{"start":{"line":4,"column":72},"end":{"line":4,"column":73}},"line":4},"30":{"name":"/node_modules/@meteocons/svg/fill/dust-day.svg","decl":{"start":{"line":4,"column":72},"end":{"line":4,"column":73}},"loc":{"start":{"line":4,"column":72},"end":{"line":4,"column":73}},"line":4},"31":{"name":"/node_modules/@meteocons/svg/fill/dust-night.svg","decl":{"start":{"line":4,"column":72},"end":{"line":4,"column":73}},"loc":{"start":{"line":4,"column":72},"end":{"line":4,"column":73}},"line":4},"32":{"name":"/node_modules/@meteocons/svg/fill/dust.svg","decl":{"start":{"line":4,"column":72},"end":{"line":4,"column":73}},"loc":{"start":{"line":4,"column":72},"end":{"line":4,"column":73}},"line":4},"33":{"name":"/node_modules/@meteocons/svg/fill/extreme-day-drizzle.svg","decl":{"start":{"line":4,"column":72},"end":{"line":4,"column":73}},"loc":{"start":{"line":4,"column":72},"end":{"line":4,"column":73}},"line":4},"34":{"name":"/node_modules/@meteocons/svg/fill/extreme-day-fog.svg","decl":{"start":{"line":4,"column":72},"end":{"line":4,"column":73}},"loc":{"start":{"line":4,"column":72},"end":{"line":4,"column":73}},"line":4},"35":{"name":"/node_modules/@meteocons/svg/fill/extreme-day-hail.svg","decl":{"start":{"line":4,"column":72},"end":{"line":4,"column":73}},"loc":{"start":{"line":4,"column":72},"end":{"line":4,"column":73}},"line":4},"36":{"name":"/node_modules/@meteocons/svg/fill/extreme-day-haze.svg","decl":{"start":{"line":4,"column":72},"end":{"line":4,"column":73}},"loc":{"start":{"line":4,"column":72},"end":{"line":4,"column":73}},"line":4},"37":{"name":"/node_modules/@meteocons/svg/fill/extreme-day-rain.svg","decl":{"start":{"line":4,"column":72},"end":{"line":4,"column":73}},"loc":{"start":{"line":4,"column":72},"end":{"line":4,"column":73}},"line":4},"38":{"name":"/node_modules/@meteocons/svg/fill/extreme-day-sleet.svg","decl":{"start":{"line":4,"column":72},"end":{"line":4,"column":73}},"loc":{"start":{"line":4,"column":72},"end":{"line":4,"column":73}},"line":4},"39":{"name":"/node_modules/@meteocons/svg/fill/extreme-day-smoke.svg","decl":{"start":{"line":4,"column":72},"end":{"line":4,"column":73}},"loc":{"start":{"line":4,"column":72},"end":{"line":4,"column":73}},"line":4},"40":{"name":"/node_modules/@meteocons/svg/fill/extreme-day-snow.svg","decl":{"start":{"line":4,"column":72},"end":{"line":4,"column":73}},"loc":{"start":{"line":4,"column":72},"end":{"line":4,"column":73}},"line":4},"41":{"name":"/node_modules/@meteocons/svg/fill/extreme-day.svg","decl":{"start":{"line":4,"column":72},"end":{"line":4,"column":73}},"loc":{"start":{"line":4,"column":72},"end":{"line":4,"column":73}},"line":4},"42":{"name":"/node_modules/@meteocons/svg/fill/extreme-drizzle.svg","decl":{"start":{"line":4,"column":72},"end":{"line":4,"column":73}},"loc":{"start":{"line":4,"column":72},"end":{"line":4,"column":73}},"line":4},"43":{"name":"/node_modules/@meteocons/svg/fill/extreme-fog.svg","decl":{"start":{"line":4,"column":72},"end":{"line":4,"column":73}},"loc":{"start":{"line":4,"column":72},"end":{"line":4,"column":73}},"line":4},"44":{"name":"/node_modules/@meteocons/svg/fill/extreme-hail.svg","decl":{"start":{"line":4,"column":72},"end":{"line":4,"column":73}},"loc":{"start":{"line":4,"column":72},"end":{"line":4,"column":73}},"line":4},"45":{"name":"/node_modules/@meteocons/svg/fill/extreme-haze.svg","decl":{"start":{"line":4,"column":72},"end":{"line":4,"column":73}},"loc":{"start":{"line":4,"column":72},"end":{"line":4,"column":73}},"line":4},"46":{"name":"/node_modules/@meteocons/svg/fill/extreme-night-drizzle.svg","decl":{"start":{"line":4,"column":72},"end":{"line":4,"column":73}},"loc":{"start":{"line":4,"column":72},"end":{"line":4,"column":73}},"line":4},"47":{"name":"/node_modules/@meteocons/svg/fill/extreme-night-fog.svg","decl":{"start":{"line":4,"column":72},"end":{"line":4,"column":73}},"loc":{"start":{"line":4,"column":72},"end":{"line":4,"column":73}},"line":4},"48":{"name":"/node_modules/@meteocons/svg/fill/extreme-night-hail.svg","decl":{"start":{"line":4,"column":72},"end":{"line":4,"column":73}},"loc":{"start":{"line":4,"column":72},"end":{"line":4,"column":73}},"line":4},"49":{"name":"/node_modules/@meteocons/svg/fill/extreme-night-haze.svg","decl":{"start":{"line":4,"column":72},"end":{"line":4,"column":73}},"loc":{"start":{"line":4,"column":72},"end":{"line":4,"column":73}},"line":4},"50":{"name":"/node_modules/@meteocons/svg/fill/extreme-night-rain.svg","decl":{"start":{"line":4,"column":72},"end":{"line":4,"column":73}},"loc":{"start":{"line":4,"column":72},"end":{"line":4,"column":73}},"line":4},"51":{"name":"/node_modules/@meteocons/svg/fill/extreme-night-sleet.svg","decl":{"start":{"line":4,"column":72},"end":{"line":4,"column":73}},"loc":{"start":{"line":4,"column":72},"end":{"line":4,"column":73}},"line":4},"52":{"name":"/node_modules/@meteocons/svg/fill/extreme-night-smoke.svg","decl":{"start":{"line":4,"column":72},"end":{"line":4,"column":73}},"loc":{"start":{"line":4,"column":72},"end":{"line":4,"column":73}},"line":4},"53":{"name":"/node_modules/@meteocons/svg/fill/extreme-night-snow.svg","decl":{"start":{"line":4,"column":72},"end":{"line":4,"column":73}},"loc":{"start":{"line":4,"column":72},"end":{"line":4,"column":73}},"line":4},"54":{"name":"/node_modules/@meteocons/svg/fill/extreme-night.svg","decl":{"start":{"line":4,"column":72},"end":{"line":4,"column":73}},"loc":{"start":{"line":4,"column":72},"end":{"line":4,"column":73}},"line":4},"55":{"name":"/node_modules/@meteocons/svg/fill/extreme-rain.svg","decl":{"start":{"line":4,"column":72},"end":{"line":4,"column":73}},"loc":{"start":{"line":4,"column":72},"end":{"line":4,"column":73}},"line":4},"56":{"name":"/node_modules/@meteocons/svg/fill/extreme-sleet.svg","decl":{"start":{"line":4,"column":72},"end":{"line":4,"column":73}},"loc":{"start":{"line":4,"column":72},"end":{"line":4,"column":73}},"line":4},"57":{"name":"/node_modules/@meteocons/svg/fill/extreme-smoke.svg","decl":{"start":{"line":4,"column":72},"end":{"line":4,"column":73}},"loc":{"start":{"line":4,"column":72},"end":{"line":4,"column":73}},"line":4},"58":{"name":"/node_modules/@meteocons/svg/fill/extreme-snow.svg","decl":{"start":{"line":4,"column":72},"end":{"line":4,"column":73}},"loc":{"start":{"line":4,"column":72},"end":{"line":4,"column":73}},"line":4},"59":{"name":"/node_modules/@meteocons/svg/fill/extreme-thunderstorms-day-drizzle.svg","decl":{"start":{"line":4,"column":72},"end":{"line":4,"column":73}},"loc":{"start":{"line":4,"column":72},"end":{"line":4,"column":73}},"line":4},"60":{"name":"/node_modules/@meteocons/svg/fill/extreme-thunderstorms-day-fog.svg","decl":{"start":{"line":4,"column":72},"end":{"line":4,"column":73}},"loc":{"start":{"line":4,"column":72},"end":{"line":4,"column":73}},"line":4},"61":{"name":"/node_modules/@meteocons/svg/fill/extreme-thunderstorms-day-hail.svg","decl":{"start":{"line":4,"column":72},"end":{"line":4,"column":73}},"loc":{"start":{"line":4,"column":72},"end":{"line":4,"column":73}},"line":4},"62":{"name":"/node_modules/@meteocons/svg/fill/extreme-thunderstorms-day-haze.svg","decl":{"start":{"line":4,"column":72},"end":{"line":4,"column":73}},"loc":{"start":{"line":4,"column":72},"end":{"line":4,"column":73}},"line":4},"63":{"name":"/node_modules/@meteocons/svg/fill/extreme-thunderstorms-day-rain.svg","decl":{"start":{"line":4,"column":72},"end":{"line":4,"column":73}},"loc":{"start":{"line":4,"column":72},"end":{"line":4,"column":73}},"line":4},"64":{"name":"/node_modules/@meteocons/svg/fill/extreme-thunderstorms-day-sleet.svg","decl":{"start":{"line":4,"column":72},"end":{"line":4,"column":73}},"loc":{"start":{"line":4,"column":72},"end":{"line":4,"column":73}},"line":4},"65":{"name":"/node_modules/@meteocons/svg/fill/extreme-thunderstorms-day-smoke.svg","decl":{"start":{"line":4,"column":72},"end":{"line":4,"column":73}},"loc":{"start":{"line":4,"column":72},"end":{"line":4,"column":73}},"line":4},"66":{"name":"/node_modules/@meteocons/svg/fill/extreme-thunderstorms-day-snow.svg","decl":{"start":{"line":4,"column":72},"end":{"line":4,"column":73}},"loc":{"start":{"line":4,"column":72},"end":{"line":4,"column":73}},"line":4},"67":{"name":"/node_modules/@meteocons/svg/fill/extreme-thunderstorms-day.svg","decl":{"start":{"line":4,"column":72},"end":{"line":4,"column":73}},"loc":{"start":{"line":4,"column":72},"end":{"line":4,"column":73}},"line":4},"68":{"name":"/node_modules/@meteocons/svg/fill/extreme-thunderstorms-drizzle.svg","decl":{"start":{"line":4,"column":72},"end":{"line":4,"column":73}},"loc":{"start":{"line":4,"column":72},"end":{"line":4,"column":73}},"line":4},"69":{"name":"/node_modules/@meteocons/svg/fill/extreme-thunderstorms-extreme-day-drizzle.svg","decl":{"start":{"line":4,"column":72},"end":{"line":4,"column":73}},"loc":{"start":{"line":4,"column":72},"end":{"line":4,"column":73}},"line":4},"70":{"name":"/node_modules/@meteocons/svg/fill/extreme-thunderstorms-extreme-day-fog.svg","decl":{"start":{"line":4,"column":72},"end":{"line":4,"column":73}},"loc":{"start":{"line":4,"column":72},"end":{"line":4,"column":73}},"line":4},"71":{"name":"/node_modules/@meteocons/svg/fill/extreme-thunderstorms-extreme-day-hail.svg","decl":{"start":{"line":4,"column":72},"end":{"line":4,"column":73}},"loc":{"start":{"line":4,"column":72},"end":{"line":4,"column":73}},"line":4},"72":{"name":"/node_modules/@meteocons/svg/fill/extreme-thunderstorms-extreme-day-haze.svg","decl":{"start":{"line":4,"column":72},"end":{"line":4,"column":73}},"loc":{"start":{"line":4,"column":72},"end":{"line":4,"column":73}},"line":4},"73":{"name":"/node_modules/@meteocons/svg/fill/extreme-thunderstorms-extreme-day-rain.svg","decl":{"start":{"line":4,"column":72},"end":{"line":4,"column":73}},"loc":{"start":{"line":4,"column":72},"end":{"line":4,"column":73}},"line":4},"74":{"name":"/node_modules/@meteocons/svg/fill/extreme-thunderstorms-extreme-day-sleet.svg","decl":{"start":{"line":4,"column":72},"end":{"line":4,"column":73}},"loc":{"start":{"line":4,"column":72},"end":{"line":4,"column":73}},"line":4},"75":{"name":"/node_modules/@meteocons/svg/fill/extreme-thunderstorms-extreme-day-smoke.svg","decl":{"start":{"line":4,"column":72},"end":{"line":4,"column":73}},"loc":{"start":{"line":4,"column":72},"end":{"line":4,"column":73}},"line":4},"76":{"name":"/node_modules/@meteocons/svg/fill/extreme-thunderstorms-extreme-day-snow.svg","decl":{"start":{"line":4,"column":72},"end":{"line":4,"column":73}},"loc":{"start":{"line":4,"column":72},"end":{"line":4,"column":73}},"line":4},"77":{"name":"/node_modules/@meteocons/svg/fill/extreme-thunderstorms-extreme-day.svg","decl":{"start":{"line":4,"column":72},"end":{"line":4,"column":73}},"loc":{"start":{"line":4,"column":72},"end":{"line":4,"column":73}},"line":4},"78":{"name":"/node_modules/@meteocons/svg/fill/extreme-thunderstorms-extreme-drizzle.svg","decl":{"start":{"line":4,"column":72},"end":{"line":4,"column":73}},"loc":{"start":{"line":4,"column":72},"end":{"line":4,"column":73}},"line":4},"79":{"name":"/node_modules/@meteocons/svg/fill/extreme-thunderstorms-extreme-fog.svg","decl":{"start":{"line":4,"column":72},"end":{"line":4,"column":73}},"loc":{"start":{"line":4,"column":72},"end":{"line":4,"column":73}},"line":4},"80":{"name":"/node_modules/@meteocons/svg/fill/extreme-thunderstorms-extreme-hail.svg","decl":{"start":{"line":4,"column":72},"end":{"line":4,"column":73}},"loc":{"start":{"line":4,"column":72},"end":{"line":4,"column":73}},"line":4},"81":{"name":"/node_modules/@meteocons/svg/fill/extreme-thunderstorms-extreme-haze.svg","decl":{"start":{"line":4,"column":72},"end":{"line":4,"column":73}},"loc":{"start":{"line":4,"column":72},"end":{"line":4,"column":73}},"line":4},"82":{"name":"/node_modules/@meteocons/svg/fill/extreme-thunderstorms-extreme-night-drizzle.svg","decl":{"start":{"line":4,"column":72},"end":{"line":4,"column":73}},"loc":{"start":{"line":4,"column":72},"end":{"line":4,"column":73}},"line":4},"83":{"name":"/node_modules/@meteocons/svg/fill/extreme-thunderstorms-extreme-night-fog.svg","decl":{"start":{"line":4,"column":72},"end":{"line":4,"column":73}},"loc":{"start":{"line":4,"column":72},"end":{"line":4,"column":73}},"line":4},"84":{"name":"/node_modules/@meteocons/svg/fill/extreme-thunderstorms-extreme-night-hail.svg","decl":{"start":{"line":4,"column":72},"end":{"line":4,"column":73}},"loc":{"start":{"line":4,"column":72},"end":{"line":4,"column":73}},"line":4},"85":{"name":"/node_modules/@meteocons/svg/fill/extreme-thunderstorms-extreme-night-haze.svg","decl":{"start":{"line":4,"column":72},"end":{"line":4,"column":73}},"loc":{"start":{"line":4,"column":72},"end":{"line":4,"column":73}},"line":4},"86":{"name":"/node_modules/@meteocons/svg/fill/extreme-thunderstorms-extreme-night-rain.svg","decl":{"start":{"line":4,"column":72},"end":{"line":4,"column":73}},"loc":{"start":{"line":4,"column":72},"end":{"line":4,"column":73}},"line":4},"87":{"name":"/node_modules/@meteocons/svg/fill/extreme-thunderstorms-extreme-night-sleet.svg","decl":{"start":{"line":4,"column":72},"end":{"line":4,"column":73}},"loc":{"start":{"line":4,"column":72},"end":{"line":4,"column":73}},"line":4},"88":{"name":"/node_modules/@meteocons/svg/fill/extreme-thunderstorms-extreme-night-smoke.svg","decl":{"start":{"line":4,"column":72},"end":{"line":4,"column":73}},"loc":{"start":{"line":4,"column":72},"end":{"line":4,"column":73}},"line":4},"89":{"name":"/node_modules/@meteocons/svg/fill/extreme-thunderstorms-extreme-night-snow.svg","decl":{"start":{"line":4,"column":72},"end":{"line":4,"column":73}},"loc":{"start":{"line":4,"column":72},"end":{"line":4,"column":73}},"line":4},"90":{"name":"/node_modules/@meteocons/svg/fill/extreme-thunderstorms-extreme-night.svg","decl":{"start":{"line":4,"column":72},"end":{"line":4,"column":73}},"loc":{"start":{"line":4,"column":72},"end":{"line":4,"column":73}},"line":4},"91":{"name":"/node_modules/@meteocons/svg/fill/extreme-thunderstorms-extreme-rain.svg","decl":{"start":{"line":4,"column":72},"end":{"line":4,"column":73}},"loc":{"start":{"line":4,"column":72},"end":{"line":4,"column":73}},"line":4},"92":{"name":"/node_modules/@meteocons/svg/fill/extreme-thunderstorms-extreme-sleet.svg","decl":{"start":{"line":4,"column":72},"end":{"line":4,"column":73}},"loc":{"start":{"line":4,"column":72},"end":{"line":4,"column":73}},"line":4},"93":{"name":"/node_modules/@meteocons/svg/fill/extreme-thunderstorms-extreme-smoke.svg","decl":{"start":{"line":4,"column":72},"end":{"line":4,"column":73}},"loc":{"start":{"line":4,"column":72},"end":{"line":4,"column":73}},"line":4},"94":{"name":"/node_modules/@meteocons/svg/fill/extreme-thunderstorms-extreme-snow.svg","decl":{"start":{"line":4,"column":72},"end":{"line":4,"column":73}},"loc":{"start":{"line":4,"column":72},"end":{"line":4,"column":73}},"line":4},"95":{"name":"/node_modules/@meteocons/svg/fill/extreme-thunderstorms-extreme.svg","decl":{"start":{"line":4,"column":72},"end":{"line":4,"column":73}},"loc":{"start":{"line":4,"column":72},"end":{"line":4,"column":73}},"line":4},"96":{"name":"/node_modules/@meteocons/svg/fill/extreme-thunderstorms-fog.svg","decl":{"start":{"line":4,"column":72},"end":{"line":4,"column":73}},"loc":{"start":{"line":4,"column":72},"end":{"line":4,"column":73}},"line":4},"97":{"name":"/node_modules/@meteocons/svg/fill/extreme-thunderstorms-hail.svg","decl":{"start":{"line":4,"column":72},"end":{"line":4,"column":73}},"loc":{"start":{"line":4,"column":72},"end":{"line":4,"column":73}},"line":4},"98":{"name":"/node_modules/@meteocons/svg/fill/extreme-thunderstorms-haze.svg","decl":{"start":{"line":4,"column":72},"end":{"line":4,"column":73}},"loc":{"start":{"line":4,"column":72},"end":{"line":4,"column":73}},"line":4},"99":{"name":"/node_modules/@meteocons/svg/fill/extreme-thunderstorms-mostly-clear-day-drizzle.svg","decl":{"start":{"line":4,"column":72},"end":{"line":4,"column":73}},"loc":{"start":{"line":4,"column":72},"end":{"line":4,"column":73}},"line":4},"100":{"name":"/node_modules/@meteocons/svg/fill/extreme-thunderstorms-mostly-clear-day-fog.svg","decl":{"start":{"line":4,"column":72},"end":{"line":4,"column":73}},"loc":{"start":{"line":4,"column":72},"end":{"line":4,"column":73}},"line":4},"101":{"name":"/node_modules/@meteocons/svg/fill/extreme-thunderstorms-mostly-clear-day-hail.svg","decl":{"start":{"line":4,"column":72},"end":{"line":4,"column":73}},"loc":{"start":{"line":4,"column":72},"end":{"line":4,"column":73}},"line":4},"102":{"name":"/node_modules/@meteocons/svg/fill/extreme-thunderstorms-mostly-clear-day-haze.svg","decl":{"start":{"line":4,"column":72},"end":{"line":4,"column":73}},"loc":{"start":{"line":4,"column":72},"end":{"line":4,"column":73}},"line":4},"103":{"name":"/node_modules/@meteocons/svg/fill/extreme-thunderstorms-mostly-clear-day-rain.svg","decl":{"start":{"line":4,"column":72},"end":{"line":4,"column":73}},"loc":{"start":{"line":4,"column":72},"end":{"line":4,"column":73}},"line":4},"104":{"name":"/node_modules/@meteocons/svg/fill/extreme-thunderstorms-mostly-clear-day-sleet.svg","decl":{"start":{"line":4,"column":72},"end":{"line":4,"column":73}},"loc":{"start":{"line":4,"column":72},"end":{"line":4,"column":73}},"line":4},"105":{"name":"/node_modules/@meteocons/svg/fill/extreme-thunderstorms-mostly-clear-day-smoke.svg","decl":{"start":{"line":4,"column":72},"end":{"line":4,"column":73}},"loc":{"start":{"line":4,"column":72},"end":{"line":4,"column":73}},"line":4},"106":{"name":"/node_modules/@meteocons/svg/fill/extreme-thunderstorms-mostly-clear-day-snow.svg","decl":{"start":{"line":4,"column":72},"end":{"line":4,"column":73}},"loc":{"start":{"line":4,"column":72},"end":{"line":4,"column":73}},"line":4},"107":{"name":"/node_modules/@meteocons/svg/fill/extreme-thunderstorms-mostly-clear-day.svg","decl":{"start":{"line":4,"column":72},"end":{"line":4,"column":73}},"loc":{"start":{"line":4,"column":72},"end":{"line":4,"column":73}},"line":4},"108":{"name":"/node_modules/@meteocons/svg/fill/extreme-thunderstorms-mostly-clear-night-drizzle.svg","decl":{"start":{"line":4,"column":72},"end":{"line":4,"column":73}},"loc":{"start":{"line":4,"column":72},"end":{"line":4,"column":73}},"line":4},"109":{"name":"/node_modules/@meteocons/svg/fill/extreme-thunderstorms-mostly-clear-night-fog.svg","decl":{"start":{"line":4,"column":72},"end":{"line":4,"column":73}},"loc":{"start":{"line":4,"column":72},"end":{"line":4,"column":73}},"line":4},"110":{"name":"/node_modules/@meteocons/svg/fill/extreme-thunderstorms-mostly-clear-night-hail.svg","decl":{"start":{"line":4,"column":72},"end":{"line":4,"column":73}},"loc":{"start":{"line":4,"column":72},"end":{"line":4,"column":73}},"line":4},"111":{"name":"/node_modules/@meteocons/svg/fill/extreme-thunderstorms-mostly-clear-night-haze.svg","decl":{"start":{"line":4,"column":72},"end":{"line":4,"column":73}},"loc":{"start":{"line":4,"column":72},"end":{"line":4,"column":73}},"line":4},"112":{"name":"/node_modules/@meteocons/svg/fill/extreme-thunderstorms-mostly-clear-night-rain.svg","decl":{"start":{"line":4,"column":72},"end":{"line":4,"column":73}},"loc":{"start":{"line":4,"column":72},"end":{"line":4,"column":73}},"line":4},"113":{"name":"/node_modules/@meteocons/svg/fill/extreme-thunderstorms-mostly-clear-night-sleet.svg","decl":{"start":{"line":4,"column":72},"end":{"line":4,"column":73}},"loc":{"start":{"line":4,"column":72},"end":{"line":4,"column":73}},"line":4},"114":{"name":"/node_modules/@meteocons/svg/fill/extreme-thunderstorms-mostly-clear-night-smoke.svg","decl":{"start":{"line":4,"column":72},"end":{"line":4,"column":73}},"loc":{"start":{"line":4,"column":72},"end":{"line":4,"column":73}},"line":4},"115":{"name":"/node_modules/@meteocons/svg/fill/extreme-thunderstorms-mostly-clear-night-snow.svg","decl":{"start":{"line":4,"column":72},"end":{"line":4,"column":73}},"loc":{"start":{"line":4,"column":72},"end":{"line":4,"column":73}},"line":4},"116":{"name":"/node_modules/@meteocons/svg/fill/extreme-thunderstorms-mostly-clear-night.svg","decl":{"start":{"line":4,"column":72},"end":{"line":4,"column":73}},"loc":{"start":{"line":4,"column":72},"end":{"line":4,"column":73}},"line":4},"117":{"name":"/node_modules/@meteocons/svg/fill/extreme-thunderstorms-night-drizzle.svg","decl":{"start":{"line":4,"column":72},"end":{"line":4,"column":73}},"loc":{"start":{"line":4,"column":72},"end":{"line":4,"column":73}},"line":4},"118":{"name":"/node_modules/@meteocons/svg/fill/extreme-thunderstorms-night-fog.svg","decl":{"start":{"line":4,"column":72},"end":{"line":4,"column":73}},"loc":{"start":{"line":4,"column":72},"end":{"line":4,"column":73}},"line":4},"119":{"name":"/node_modules/@meteocons/svg/fill/extreme-thunderstorms-night-hail.svg","decl":{"start":{"line":4,"column":72},"end":{"line":4,"column":73}},"loc":{"start":{"line":4,"column":72},"end":{"line":4,"column":73}},"line":4},"120":{"name":"/node_modules/@meteocons/svg/fill/extreme-thunderstorms-night-haze.svg","decl":{"start":{"line":4,"column":72},"end":{"line":4,"column":73}},"loc":{"start":{"line":4,"column":72},"end":{"line":4,"column":73}},"line":4},"121":{"name":"/node_modules/@meteocons/svg/fill/extreme-thunderstorms-night-rain.svg","decl":{"start":{"line":4,"column":72},"end":{"line":4,"column":73}},"loc":{"start":{"line":4,"column":72},"end":{"line":4,"column":73}},"line":4},"122":{"name":"/node_modules/@meteocons/svg/fill/extreme-thunderstorms-night-sleet.svg","decl":{"start":{"line":4,"column":72},"end":{"line":4,"column":73}},"loc":{"start":{"line":4,"column":72},"end":{"line":4,"column":73}},"line":4},"123":{"name":"/node_modules/@meteocons/svg/fill/extreme-thunderstorms-night-smoke.svg","decl":{"start":{"line":4,"column":72},"end":{"line":4,"column":73}},"loc":{"start":{"line":4,"column":72},"end":{"line":4,"column":73}},"line":4},"124":{"name":"/node_modules/@meteocons/svg/fill/extreme-thunderstorms-night-snow.svg","decl":{"start":{"line":4,"column":72},"end":{"line":4,"column":73}},"loc":{"start":{"line":4,"column":72},"end":{"line":4,"column":73}},"line":4},"125":{"name":"/node_modules/@meteocons/svg/fill/extreme-thunderstorms-night.svg","decl":{"start":{"line":4,"column":72},"end":{"line":4,"column":73}},"loc":{"start":{"line":4,"column":72},"end":{"line":4,"column":73}},"line":4},"126":{"name":"/node_modules/@meteocons/svg/fill/extreme-thunderstorms-overcast-day-drizzle.svg","decl":{"start":{"line":4,"column":72},"end":{"line":4,"column":73}},"loc":{"start":{"line":4,"column":72},"end":{"line":4,"column":73}},"line":4},"127":{"name":"/node_modules/@meteocons/svg/fill/extreme-thunderstorms-overcast-day-fog.svg","decl":{"start":{"line":4,"column":72},"end":{"line":4,"column":73}},"loc":{"start":{"line":4,"column":72},"end":{"line":4,"column":73}},"line":4},"128":{"name":"/node_modules/@meteocons/svg/fill/extreme-thunderstorms-overcast-day-hail.svg","decl":{"start":{"line":4,"column":72},"end":{"line":4,"column":73}},"loc":{"start":{"line":4,"column":72},"end":{"line":4,"column":73}},"line":4},"129":{"name":"/node_modules/@meteocons/svg/fill/extreme-thunderstorms-overcast-day-haze.svg","decl":{"start":{"line":4,"column":72},"end":{"line":4,"column":73}},"loc":{"start":{"line":4,"column":72},"end":{"line":4,"column":73}},"line":4},"130":{"name":"/node_modules/@meteocons/svg/fill/extreme-thunderstorms-overcast-day-rain.svg","decl":{"start":{"line":4,"column":72},"end":{"line":4,"column":73}},"loc":{"start":{"line":4,"column":72},"end":{"line":4,"column":73}},"line":4},"131":{"name":"/node_modules/@meteocons/svg/fill/extreme-thunderstorms-overcast-day-sleet.svg","decl":{"start":{"line":4,"column":72},"end":{"line":4,"column":73}},"loc":{"start":{"line":4,"column":72},"end":{"line":4,"column":73}},"line":4},"132":{"name":"/node_modules/@meteocons/svg/fill/extreme-thunderstorms-overcast-day-smoke.svg","decl":{"start":{"line":4,"column":72},"end":{"line":4,"column":73}},"loc":{"start":{"line":4,"column":72},"end":{"line":4,"column":73}},"line":4},"133":{"name":"/node_modules/@meteocons/svg/fill/extreme-thunderstorms-overcast-day-snow.svg","decl":{"start":{"line":4,"column":72},"end":{"line":4,"column":73}},"loc":{"start":{"line":4,"column":72},"end":{"line":4,"column":73}},"line":4},"134":{"name":"/node_modules/@meteocons/svg/fill/extreme-thunderstorms-overcast-day.svg","decl":{"start":{"line":4,"column":72},"end":{"line":4,"column":73}},"loc":{"start":{"line":4,"column":72},"end":{"line":4,"column":73}},"line":4},"135":{"name":"/node_modules/@meteocons/svg/fill/extreme-thunderstorms-overcast-drizzle.svg","decl":{"start":{"line":4,"column":72},"end":{"line":4,"column":73}},"loc":{"start":{"line":4,"column":72},"end":{"line":4,"column":73}},"line":4},"136":{"name":"/node_modules/@meteocons/svg/fill/extreme-thunderstorms-overcast-fog.svg","decl":{"start":{"line":4,"column":72},"end":{"line":4,"column":73}},"loc":{"start":{"line":4,"column":72},"end":{"line":4,"column":73}},"line":4},"137":{"name":"/node_modules/@meteocons/svg/fill/extreme-thunderstorms-overcast-hail.svg","decl":{"start":{"line":4,"column":72},"end":{"line":4,"column":73}},"loc":{"start":{"line":4,"column":72},"end":{"line":4,"column":73}},"line":4},"138":{"name":"/node_modules/@meteocons/svg/fill/extreme-thunderstorms-overcast-haze.svg","decl":{"start":{"line":4,"column":72},"end":{"line":4,"column":73}},"loc":{"start":{"line":4,"column":72},"end":{"line":4,"column":73}},"line":4},"139":{"name":"/node_modules/@meteocons/svg/fill/extreme-thunderstorms-overcast-night-drizzle.svg","decl":{"start":{"line":4,"column":72},"end":{"line":4,"column":73}},"loc":{"start":{"line":4,"column":72},"end":{"line":4,"column":73}},"line":4},"140":{"name":"/node_modules/@meteocons/svg/fill/extreme-thunderstorms-overcast-night-fog.svg","decl":{"start":{"line":4,"column":72},"end":{"line":4,"column":73}},"loc":{"start":{"line":4,"column":72},"end":{"line":4,"column":73}},"line":4},"141":{"name":"/node_modules/@meteocons/svg/fill/extreme-thunderstorms-overcast-night-hail.svg","decl":{"start":{"line":4,"column":72},"end":{"line":4,"column":73}},"loc":{"start":{"line":4,"column":72},"end":{"line":4,"column":73}},"line":4},"142":{"name":"/node_modules/@meteocons/svg/fill/extreme-thunderstorms-overcast-night-haze.svg","decl":{"start":{"line":4,"column":72},"end":{"line":4,"column":73}},"loc":{"start":{"line":4,"column":72},"end":{"line":4,"column":73}},"line":4},"143":{"name":"/node_modules/@meteocons/svg/fill/extreme-thunderstorms-overcast-night-rain.svg","decl":{"start":{"line":4,"column":72},"end":{"line":4,"column":73}},"loc":{"start":{"line":4,"column":72},"end":{"line":4,"column":73}},"line":4},"144":{"name":"/node_modules/@meteocons/svg/fill/extreme-thunderstorms-overcast-night-sleet.svg","decl":{"start":{"line":4,"column":72},"end":{"line":4,"column":73}},"loc":{"start":{"line":4,"column":72},"end":{"line":4,"column":73}},"line":4},"145":{"name":"/node_modules/@meteocons/svg/fill/extreme-thunderstorms-overcast-night-smoke.svg","decl":{"start":{"line":4,"column":72},"end":{"line":4,"column":73}},"loc":{"start":{"line":4,"column":72},"end":{"line":4,"column":73}},"line":4},"146":{"name":"/node_modules/@meteocons/svg/fill/extreme-thunderstorms-overcast-night-snow.svg","decl":{"start":{"line":4,"column":72},"end":{"line":4,"column":73}},"loc":{"start":{"line":4,"column":72},"end":{"line":4,"column":73}},"line":4},"147":{"name":"/node_modules/@meteocons/svg/fill/extreme-thunderstorms-overcast-night.svg","decl":{"start":{"line":4,"column":72},"end":{"line":4,"column":73}},"loc":{"start":{"line":4,"column":72},"end":{"line":4,"column":73}},"line":4},"148":{"name":"/node_modules/@meteocons/svg/fill/extreme-thunderstorms-overcast-rain.svg","decl":{"start":{"line":4,"column":72},"end":{"line":4,"column":73}},"loc":{"start":{"line":4,"column":72},"end":{"line":4,"column":73}},"line":4},"149":{"name":"/node_modules/@meteocons/svg/fill/extreme-thunderstorms-overcast-sleet.svg","decl":{"start":{"line":4,"column":72},"end":{"line":4,"column":73}},"loc":{"start":{"line":4,"column":72},"end":{"line":4,"column":73}},"line":4},"150":{"name":"/node_modules/@meteocons/svg/fill/extreme-thunderstorms-overcast-smoke.svg","decl":{"start":{"line":4,"column":72},"end":{"line":4,"column":73}},"loc":{"start":{"line":4,"column":72},"end":{"line":4,"column":73}},"line":4},"151":{"name":"/node_modules/@meteocons/svg/fill/extreme-thunderstorms-overcast-snow.svg","decl":{"start":{"line":4,"column":72},"end":{"line":4,"column":73}},"loc":{"start":{"line":4,"column":72},"end":{"line":4,"column":73}},"line":4},"152":{"name":"/node_modules/@meteocons/svg/fill/extreme-thunderstorms-overcast.svg","decl":{"start":{"line":4,"column":72},"end":{"line":4,"column":73}},"loc":{"start":{"line":4,"column":72},"end":{"line":4,"column":73}},"line":4},"153":{"name":"/node_modules/@meteocons/svg/fill/extreme-thunderstorms-rain.svg","decl":{"start":{"line":4,"column":72},"end":{"line":4,"column":73}},"loc":{"start":{"line":4,"column":72},"end":{"line":4,"column":73}},"line":4},"154":{"name":"/node_modules/@meteocons/svg/fill/extreme-thunderstorms-sleet.svg","decl":{"start":{"line":4,"column":72},"end":{"line":4,"column":73}},"loc":{"start":{"line":4,"column":72},"end":{"line":4,"column":73}},"line":4},"155":{"name":"/node_modules/@meteocons/svg/fill/extreme-thunderstorms-smoke.svg","decl":{"start":{"line":4,"column":72},"end":{"line":4,"column":73}},"loc":{"start":{"line":4,"column":72},"end":{"line":4,"column":73}},"line":4},"156":{"name":"/node_modules/@meteocons/svg/fill/extreme-thunderstorms-snow.svg","decl":{"start":{"line":4,"column":72},"end":{"line":4,"column":73}},"loc":{"start":{"line":4,"column":72},"end":{"line":4,"column":73}},"line":4},"157":{"name":"/node_modules/@meteocons/svg/fill/extreme-thunderstorms.svg","decl":{"start":{"line":4,"column":72},"end":{"line":4,"column":73}},"loc":{"start":{"line":4,"column":72},"end":{"line":4,"column":73}},"line":4},"158":{"name":"/node_modules/@meteocons/svg/fill/extreme.svg","decl":{"start":{"line":4,"column":72},"end":{"line":4,"column":73}},"loc":{"start":{"line":4,"column":72},"end":{"line":4,"column":73}},"line":4},"159":{"name":"/node_modules/@meteocons/svg/fill/fahrenheit.svg","decl":{"start":{"line":4,"column":72},"end":{"line":4,"column":73}},"loc":{"start":{"line":4,"column":72},"end":{"line":4,"column":73}},"line":4},"160":{"name":"/node_modules/@meteocons/svg/fill/falling-stars.svg","decl":{"start":{"line":4,"column":72},"end":{"line":4,"column":73}},"loc":{"start":{"line":4,"column":72},"end":{"line":4,"column":73}},"line":4},"161":{"name":"/node_modules/@meteocons/svg/fill/flag-cold-wave.svg","decl":{"start":{"line":4,"column":72},"end":{"line":4,"column":73}},"loc":{"start":{"line":4,"column":72},"end":{"line":4,"column":73}},"line":4},"162":{"name":"/node_modules/@meteocons/svg/fill/flag-fair.svg","decl":{"start":{"line":4,"column":72},"end":{"line":4,"column":73}},"loc":{"start":{"line":4,"column":72},"end":{"line":4,"column":73}},"line":4},"163":{"name":"/node_modules/@meteocons/svg/fill/flag-gale-warning.svg","decl":{"start":{"line":4,"column":72},"end":{"line":4,"column":73}},"loc":{"start":{"line":4,"column":72},"end":{"line":4,"column":73}},"line":4},"164":{"name":"/node_modules/@meteocons/svg/fill/flag-hurricane-warning.svg","decl":{"start":{"line":4,"column":72},"end":{"line":4,"column":73}},"loc":{"start":{"line":4,"column":72},"end":{"line":4,"column":73}},"line":4},"165":{"name":"/node_modules/@meteocons/svg/fill/flag-local-rain.svg","decl":{"start":{"line":4,"column":72},"end":{"line":4,"column":73}},"loc":{"start":{"line":4,"column":72},"end":{"line":4,"column":73}},"line":4},"166":{"name":"/node_modules/@meteocons/svg/fill/flag-ne-storm-warning.svg","decl":{"start":{"line":4,"column":72},"end":{"line":4,"column":73}},"loc":{"start":{"line":4,"column":72},"end":{"line":4,"column":73}},"line":4},"167":{"name":"/node_modules/@meteocons/svg/fill/flag-nw-storm-warning.svg","decl":{"start":{"line":4,"column":72},"end":{"line":4,"column":73}},"loc":{"start":{"line":4,"column":72},"end":{"line":4,"column":73}},"line":4},"168":{"name":"/node_modules/@meteocons/svg/fill/flag-rain.svg","decl":{"start":{"line":4,"column":72},"end":{"line":4,"column":73}},"loc":{"start":{"line":4,"column":72},"end":{"line":4,"column":73}},"line":4},"169":{"name":"/node_modules/@meteocons/svg/fill/flag-se-storm-warning.svg","decl":{"start":{"line":4,"column":72},"end":{"line":4,"column":73}},"loc":{"start":{"line":4,"column":72},"end":{"line":4,"column":73}},"line":4},"170":{"name":"/node_modules/@meteocons/svg/fill/flag-small-craft-advisory.svg","decl":{"start":{"line":4,"column":72},"end":{"line":4,"column":73}},"loc":{"start":{"line":4,"column":72},"end":{"line":4,"column":73}},"line":4},"171":{"name":"/node_modules/@meteocons/svg/fill/flag-storm-warning.svg","decl":{"start":{"line":4,"column":72},"end":{"line":4,"column":73}},"loc":{"start":{"line":4,"column":72},"end":{"line":4,"column":73}},"line":4},"172":{"name":"/node_modules/@meteocons/svg/fill/flag-sw-storm-warning.svg","decl":{"start":{"line":4,"column":72},"end":{"line":4,"column":73}},"loc":{"start":{"line":4,"column":72},"end":{"line":4,"column":73}},"line":4},"173":{"name":"/node_modules/@meteocons/svg/fill/flag-temperature-change.svg","decl":{"start":{"line":4,"column":72},"end":{"line":4,"column":73}},"loc":{"start":{"line":4,"column":72},"end":{"line":4,"column":73}},"line":4},"174":{"name":"/node_modules/@meteocons/svg/fill/fog-day.svg","decl":{"start":{"line":4,"column":72},"end":{"line":4,"column":73}},"loc":{"start":{"line":4,"column":72},"end":{"line":4,"column":73}},"line":4},"175":{"name":"/node_modules/@meteocons/svg/fill/fog-night.svg","decl":{"start":{"line":4,"column":72},"end":{"line":4,"column":73}},"loc":{"start":{"line":4,"column":72},"end":{"line":4,"column":73}},"line":4},"176":{"name":"/node_modules/@meteocons/svg/fill/fog.svg","decl":{"start":{"line":4,"column":72},"end":{"line":4,"column":73}},"loc":{"start":{"line":4,"column":72},"end":{"line":4,"column":73}},"line":4},"177":{"name":"/node_modules/@meteocons/svg/fill/glove.svg","decl":{"start":{"line":4,"column":72},"end":{"line":4,"column":73}},"loc":{"start":{"line":4,"column":72},"end":{"line":4,"column":73}},"line":4},"178":{"name":"/node_modules/@meteocons/svg/fill/hail.svg","decl":{"start":{"line":4,"column":72},"end":{"line":4,"column":73}},"loc":{"start":{"line":4,"column":72},"end":{"line":4,"column":73}},"line":4},"179":{"name":"/node_modules/@meteocons/svg/fill/haze-day.svg","decl":{"start":{"line":4,"column":72},"end":{"line":4,"column":73}},"loc":{"start":{"line":4,"column":72},"end":{"line":4,"column":73}},"line":4},"180":{"name":"/node_modules/@meteocons/svg/fill/haze-night.svg","decl":{"start":{"line":4,"column":72},"end":{"line":4,"column":73}},"loc":{"start":{"line":4,"column":72},"end":{"line":4,"column":73}},"line":4},"181":{"name":"/node_modules/@meteocons/svg/fill/haze.svg","decl":{"start":{"line":4,"column":72},"end":{"line":4,"column":73}},"loc":{"start":{"line":4,"column":72},"end":{"line":4,"column":73}},"line":4},"182":{"name":"/node_modules/@meteocons/svg/fill/horizon.svg","decl":{"start":{"line":4,"column":72},"end":{"line":4,"column":73}},"loc":{"start":{"line":4,"column":72},"end":{"line":4,"column":73}},"line":4},"183":{"name":"/node_modules/@meteocons/svg/fill/humidity.svg","decl":{"start":{"line":4,"column":72},"end":{"line":4,"column":73}},"loc":{"start":{"line":4,"column":72},"end":{"line":4,"column":73}},"line":4},"184":{"name":"/node_modules/@meteocons/svg/fill/hurricane.svg","decl":{"start":{"line":4,"column":72},"end":{"line":4,"column":73}},"loc":{"start":{"line":4,"column":72},"end":{"line":4,"column":73}},"line":4},"185":{"name":"/node_modules/@meteocons/svg/fill/kelvin.svg","decl":{"start":{"line":4,"column":72},"end":{"line":4,"column":73}},"loc":{"start":{"line":4,"column":72},"end":{"line":4,"column":73}},"line":4},"186":{"name":"/node_modules/@meteocons/svg/fill/lightning-bolt.svg","decl":{"start":{"line":4,"column":72},"end":{"line":4,"column":73}},"loc":{"start":{"line":4,"column":72},"end":{"line":4,"column":73}},"line":4},"187":{"name":"/node_modules/@meteocons/svg/fill/lightning-bolts.svg","decl":{"start":{"line":4,"column":72},"end":{"line":4,"column":73}},"loc":{"start":{"line":4,"column":72},"end":{"line":4,"column":73}},"line":4},"188":{"name":"/node_modules/@meteocons/svg/fill/mist.svg","decl":{"start":{"line":4,"column":72},"end":{"line":4,"column":73}},"loc":{"start":{"line":4,"column":72},"end":{"line":4,"column":73}},"line":4},"189":{"name":"/node_modules/@meteocons/svg/fill/moon-first-quarter.svg","decl":{"start":{"line":4,"column":72},"end":{"line":4,"column":73}},"loc":{"start":{"line":4,"column":72},"end":{"line":4,"column":73}},"line":4},"190":{"name":"/node_modules/@meteocons/svg/fill/moon-full.svg","decl":{"start":{"line":4,"column":72},"end":{"line":4,"column":73}},"loc":{"start":{"line":4,"column":72},"end":{"line":4,"column":73}},"line":4},"191":{"name":"/node_modules/@meteocons/svg/fill/moon-last-quarter.svg","decl":{"start":{"line":4,"column":72},"end":{"line":4,"column":73}},"loc":{"start":{"line":4,"column":72},"end":{"line":4,"column":73}},"line":4},"192":{"name":"/node_modules/@meteocons/svg/fill/moon-new.svg","decl":{"start":{"line":4,"column":72},"end":{"line":4,"column":73}},"loc":{"start":{"line":4,"column":72},"end":{"line":4,"column":73}},"line":4},"193":{"name":"/node_modules/@meteocons/svg/fill/moon-waning-crescent.svg","decl":{"start":{"line":4,"column":72},"end":{"line":4,"column":73}},"loc":{"start":{"line":4,"column":72},"end":{"line":4,"column":73}},"line":4},"194":{"name":"/node_modules/@meteocons/svg/fill/moon-waning-gibbous.svg","decl":{"start":{"line":4,"column":72},"end":{"line":4,"column":73}},"loc":{"start":{"line":4,"column":72},"end":{"line":4,"column":73}},"line":4},"195":{"name":"/node_modules/@meteocons/svg/fill/moon-waxing-crescent.svg","decl":{"start":{"line":4,"column":72},"end":{"line":4,"column":73}},"loc":{"start":{"line":4,"column":72},"end":{"line":4,"column":73}},"line":4},"196":{"name":"/node_modules/@meteocons/svg/fill/moon-waxing-gibbous.svg","decl":{"start":{"line":4,"column":72},"end":{"line":4,"column":73}},"loc":{"start":{"line":4,"column":72},"end":{"line":4,"column":73}},"line":4},"197":{"name":"/node_modules/@meteocons/svg/fill/moonrise.svg","decl":{"start":{"line":4,"column":72},"end":{"line":4,"column":73}},"loc":{"start":{"line":4,"column":72},"end":{"line":4,"column":73}},"line":4},"198":{"name":"/node_modules/@meteocons/svg/fill/moonset.svg","decl":{"start":{"line":4,"column":72},"end":{"line":4,"column":73}},"loc":{"start":{"line":4,"column":72},"end":{"line":4,"column":73}},"line":4},"199":{"name":"/node_modules/@meteocons/svg/fill/mostly-clear-day-drizzle.svg","decl":{"start":{"line":4,"column":72},"end":{"line":4,"column":73}},"loc":{"start":{"line":4,"column":72},"end":{"line":4,"column":73}},"line":4},"200":{"name":"/node_modules/@meteocons/svg/fill/mostly-clear-day-fog.svg","decl":{"start":{"line":4,"column":72},"end":{"line":4,"column":73}},"loc":{"start":{"line":4,"column":72},"end":{"line":4,"column":73}},"line":4},"201":{"name":"/node_modules/@meteocons/svg/fill/mostly-clear-day-hail.svg","decl":{"start":{"line":4,"column":72},"end":{"line":4,"column":73}},"loc":{"start":{"line":4,"column":72},"end":{"line":4,"column":73}},"line":4},"202":{"name":"/node_modules/@meteocons/svg/fill/mostly-clear-day-haze.svg","decl":{"start":{"line":4,"column":72},"end":{"line":4,"column":73}},"loc":{"start":{"line":4,"column":72},"end":{"line":4,"column":73}},"line":4},"203":{"name":"/node_modules/@meteocons/svg/fill/mostly-clear-day-rain.svg","decl":{"start":{"line":4,"column":72},"end":{"line":4,"column":73}},"loc":{"start":{"line":4,"column":72},"end":{"line":4,"column":73}},"line":4},"204":{"name":"/node_modules/@meteocons/svg/fill/mostly-clear-day-sleet.svg","decl":{"start":{"line":4,"column":72},"end":{"line":4,"column":73}},"loc":{"start":{"line":4,"column":72},"end":{"line":4,"column":73}},"line":4},"205":{"name":"/node_modules/@meteocons/svg/fill/mostly-clear-day-smoke.svg","decl":{"start":{"line":4,"column":72},"end":{"line":4,"column":73}},"loc":{"start":{"line":4,"column":72},"end":{"line":4,"column":73}},"line":4},"206":{"name":"/node_modules/@meteocons/svg/fill/mostly-clear-day-snow.svg","decl":{"start":{"line":4,"column":72},"end":{"line":4,"column":73}},"loc":{"start":{"line":4,"column":72},"end":{"line":4,"column":73}},"line":4},"207":{"name":"/node_modules/@meteocons/svg/fill/mostly-clear-day.svg","decl":{"start":{"line":4,"column":72},"end":{"line":4,"column":73}},"loc":{"start":{"line":4,"column":72},"end":{"line":4,"column":73}},"line":4},"208":{"name":"/node_modules/@meteocons/svg/fill/mostly-clear-night-drizzle.svg","decl":{"start":{"line":4,"column":72},"end":{"line":4,"column":73}},"loc":{"start":{"line":4,"column":72},"end":{"line":4,"column":73}},"line":4},"209":{"name":"/node_modules/@meteocons/svg/fill/mostly-clear-night-fog.svg","decl":{"start":{"line":4,"column":72},"end":{"line":4,"column":73}},"loc":{"start":{"line":4,"column":72},"end":{"line":4,"column":73}},"line":4},"210":{"name":"/node_modules/@meteocons/svg/fill/mostly-clear-night-hail.svg","decl":{"start":{"line":4,"column":72},"end":{"line":4,"column":73}},"loc":{"start":{"line":4,"column":72},"end":{"line":4,"column":73}},"line":4},"211":{"name":"/node_modules/@meteocons/svg/fill/mostly-clear-night-haze.svg","decl":{"start":{"line":4,"column":72},"end":{"line":4,"column":73}},"loc":{"start":{"line":4,"column":72},"end":{"line":4,"column":73}},"line":4},"212":{"name":"/node_modules/@meteocons/svg/fill/mostly-clear-night-rain.svg","decl":{"start":{"line":4,"column":72},"end":{"line":4,"column":73}},"loc":{"start":{"line":4,"column":72},"end":{"line":4,"column":73}},"line":4},"213":{"name":"/node_modules/@meteocons/svg/fill/mostly-clear-night-sleet.svg","decl":{"start":{"line":4,"column":72},"end":{"line":4,"column":73}},"loc":{"start":{"line":4,"column":72},"end":{"line":4,"column":73}},"line":4},"214":{"name":"/node_modules/@meteocons/svg/fill/mostly-clear-night-smoke.svg","decl":{"start":{"line":4,"column":72},"end":{"line":4,"column":73}},"loc":{"start":{"line":4,"column":72},"end":{"line":4,"column":73}},"line":4},"215":{"name":"/node_modules/@meteocons/svg/fill/mostly-clear-night-snow.svg","decl":{"start":{"line":4,"column":72},"end":{"line":4,"column":73}},"loc":{"start":{"line":4,"column":72},"end":{"line":4,"column":73}},"line":4},"216":{"name":"/node_modules/@meteocons/svg/fill/mostly-clear-night.svg","decl":{"start":{"line":4,"column":72},"end":{"line":4,"column":73}},"loc":{"start":{"line":4,"column":72},"end":{"line":4,"column":73}},"line":4},"217":{"name":"/node_modules/@meteocons/svg/fill/not-available.svg","decl":{"start":{"line":4,"column":72},"end":{"line":4,"column":73}},"loc":{"start":{"line":4,"column":72},"end":{"line":4,"column":73}},"line":4},"218":{"name":"/node_modules/@meteocons/svg/fill/overcast-day-drizzle.svg","decl":{"start":{"line":4,"column":72},"end":{"line":4,"column":73}},"loc":{"start":{"line":4,"column":72},"end":{"line":4,"column":73}},"line":4},"219":{"name":"/node_modules/@meteocons/svg/fill/overcast-day-fog.svg","decl":{"start":{"line":4,"column":72},"end":{"line":4,"column":73}},"loc":{"start":{"line":4,"column":72},"end":{"line":4,"column":73}},"line":4},"220":{"name":"/node_modules/@meteocons/svg/fill/overcast-day-hail.svg","decl":{"start":{"line":4,"column":72},"end":{"line":4,"column":73}},"loc":{"start":{"line":4,"column":72},"end":{"line":4,"column":73}},"line":4},"221":{"name":"/node_modules/@meteocons/svg/fill/overcast-day-haze.svg","decl":{"start":{"line":4,"column":72},"end":{"line":4,"column":73}},"loc":{"start":{"line":4,"column":72},"end":{"line":4,"column":73}},"line":4},"222":{"name":"/node_modules/@meteocons/svg/fill/overcast-day-rain.svg","decl":{"start":{"line":4,"column":72},"end":{"line":4,"column":73}},"loc":{"start":{"line":4,"column":72},"end":{"line":4,"column":73}},"line":4},"223":{"name":"/node_modules/@meteocons/svg/fill/overcast-day-sleet.svg","decl":{"start":{"line":4,"column":72},"end":{"line":4,"column":73}},"loc":{"start":{"line":4,"column":72},"end":{"line":4,"column":73}},"line":4},"224":{"name":"/node_modules/@meteocons/svg/fill/overcast-day-smoke.svg","decl":{"start":{"line":4,"column":72},"end":{"line":4,"column":73}},"loc":{"start":{"line":4,"column":72},"end":{"line":4,"column":73}},"line":4},"225":{"name":"/node_modules/@meteocons/svg/fill/overcast-day-snow.svg","decl":{"start":{"line":4,"column":72},"end":{"line":4,"column":73}},"loc":{"start":{"line":4,"column":72},"end":{"line":4,"column":73}},"line":4},"226":{"name":"/node_modules/@meteocons/svg/fill/overcast-day.svg","decl":{"start":{"line":4,"column":72},"end":{"line":4,"column":73}},"loc":{"start":{"line":4,"column":72},"end":{"line":4,"column":73}},"line":4},"227":{"name":"/node_modules/@meteocons/svg/fill/overcast-drizzle.svg","decl":{"start":{"line":4,"column":72},"end":{"line":4,"column":73}},"loc":{"start":{"line":4,"column":72},"end":{"line":4,"column":73}},"line":4},"228":{"name":"/node_modules/@meteocons/svg/fill/overcast-fog.svg","decl":{"start":{"line":4,"column":72},"end":{"line":4,"column":73}},"loc":{"start":{"line":4,"column":72},"end":{"line":4,"column":73}},"line":4},"229":{"name":"/node_modules/@meteocons/svg/fill/overcast-hail.svg","decl":{"start":{"line":4,"column":72},"end":{"line":4,"column":73}},"loc":{"start":{"line":4,"column":72},"end":{"line":4,"column":73}},"line":4},"230":{"name":"/node_modules/@meteocons/svg/fill/overcast-haze.svg","decl":{"start":{"line":4,"column":72},"end":{"line":4,"column":73}},"loc":{"start":{"line":4,"column":72},"end":{"line":4,"column":73}},"line":4},"231":{"name":"/node_modules/@meteocons/svg/fill/overcast-night-drizzle.svg","decl":{"start":{"line":4,"column":72},"end":{"line":4,"column":73}},"loc":{"start":{"line":4,"column":72},"end":{"line":4,"column":73}},"line":4},"232":{"name":"/node_modules/@meteocons/svg/fill/overcast-night-fog.svg","decl":{"start":{"line":4,"column":72},"end":{"line":4,"column":73}},"loc":{"start":{"line":4,"column":72},"end":{"line":4,"column":73}},"line":4},"233":{"name":"/node_modules/@meteocons/svg/fill/overcast-night-hail.svg","decl":{"start":{"line":4,"column":72},"end":{"line":4,"column":73}},"loc":{"start":{"line":4,"column":72},"end":{"line":4,"column":73}},"line":4},"234":{"name":"/node_modules/@meteocons/svg/fill/overcast-night-haze.svg","decl":{"start":{"line":4,"column":72},"end":{"line":4,"column":73}},"loc":{"start":{"line":4,"column":72},"end":{"line":4,"column":73}},"line":4},"235":{"name":"/node_modules/@meteocons/svg/fill/overcast-night-rain.svg","decl":{"start":{"line":4,"column":72},"end":{"line":4,"column":73}},"loc":{"start":{"line":4,"column":72},"end":{"line":4,"column":73}},"line":4},"236":{"name":"/node_modules/@meteocons/svg/fill/overcast-night-sleet.svg","decl":{"start":{"line":4,"column":72},"end":{"line":4,"column":73}},"loc":{"start":{"line":4,"column":72},"end":{"line":4,"column":73}},"line":4},"237":{"name":"/node_modules/@meteocons/svg/fill/overcast-night-smoke.svg","decl":{"start":{"line":4,"column":72},"end":{"line":4,"column":73}},"loc":{"start":{"line":4,"column":72},"end":{"line":4,"column":73}},"line":4},"238":{"name":"/node_modules/@meteocons/svg/fill/overcast-night-snow.svg","decl":{"start":{"line":4,"column":72},"end":{"line":4,"column":73}},"loc":{"start":{"line":4,"column":72},"end":{"line":4,"column":73}},"line":4},"239":{"name":"/node_modules/@meteocons/svg/fill/overcast-night.svg","decl":{"start":{"line":4,"column":72},"end":{"line":4,"column":73}},"loc":{"start":{"line":4,"column":72},"end":{"line":4,"column":73}},"line":4},"240":{"name":"/node_modules/@meteocons/svg/fill/overcast-rain.svg","decl":{"start":{"line":4,"column":72},"end":{"line":4,"column":73}},"loc":{"start":{"line":4,"column":72},"end":{"line":4,"column":73}},"line":4},"241":{"name":"/node_modules/@meteocons/svg/fill/overcast-sleet.svg","decl":{"start":{"line":4,"column":72},"end":{"line":4,"column":73}},"loc":{"start":{"line":4,"column":72},"end":{"line":4,"column":73}},"line":4},"242":{"name":"/node_modules/@meteocons/svg/fill/overcast-smoke.svg","decl":{"start":{"line":4,"column":72},"end":{"line":4,"column":73}},"loc":{"start":{"line":4,"column":72},"end":{"line":4,"column":73}},"line":4},"243":{"name":"/node_modules/@meteocons/svg/fill/overcast-snow.svg","decl":{"start":{"line":4,"column":72},"end":{"line":4,"column":73}},"loc":{"start":{"line":4,"column":72},"end":{"line":4,"column":73}},"line":4},"244":{"name":"/node_modules/@meteocons/svg/fill/overcast.svg","decl":{"start":{"line":4,"column":72},"end":{"line":4,"column":73}},"loc":{"start":{"line":4,"column":72},"end":{"line":4,"column":73}},"line":4},"245":{"name":"/node_modules/@meteocons/svg/fill/partly-cloudy-day-drizzle.svg","decl":{"start":{"line":4,"column":72},"end":{"line":4,"column":73}},"loc":{"start":{"line":4,"column":72},"end":{"line":4,"column":73}},"line":4},"246":{"name":"/node_modules/@meteocons/svg/fill/partly-cloudy-day-fog.svg","decl":{"start":{"line":4,"column":72},"end":{"line":4,"column":73}},"loc":{"start":{"line":4,"column":72},"end":{"line":4,"column":73}},"line":4},"247":{"name":"/node_modules/@meteocons/svg/fill/partly-cloudy-day-hail.svg","decl":{"start":{"line":4,"column":72},"end":{"line":4,"column":73}},"loc":{"start":{"line":4,"column":72},"end":{"line":4,"column":73}},"line":4},"248":{"name":"/node_modules/@meteocons/svg/fill/partly-cloudy-day-haze.svg","decl":{"start":{"line":4,"column":72},"end":{"line":4,"column":73}},"loc":{"start":{"line":4,"column":72},"end":{"line":4,"column":73}},"line":4},"249":{"name":"/node_modules/@meteocons/svg/fill/partly-cloudy-day-rain.svg","decl":{"start":{"line":4,"column":72},"end":{"line":4,"column":73}},"loc":{"start":{"line":4,"column":72},"end":{"line":4,"column":73}},"line":4},"250":{"name":"/node_modules/@meteocons/svg/fill/partly-cloudy-day-sleet.svg","decl":{"start":{"line":4,"column":72},"end":{"line":4,"column":73}},"loc":{"start":{"line":4,"column":72},"end":{"line":4,"column":73}},"line":4},"251":{"name":"/node_modules/@meteocons/svg/fill/partly-cloudy-day-smoke.svg","decl":{"start":{"line":4,"column":72},"end":{"line":4,"column":73}},"loc":{"start":{"line":4,"column":72},"end":{"line":4,"column":73}},"line":4},"252":{"name":"/node_modules/@meteocons/svg/fill/partly-cloudy-day-snow.svg","decl":{"start":{"line":4,"column":72},"end":{"line":4,"column":73}},"loc":{"start":{"line":4,"column":72},"end":{"line":4,"column":73}},"line":4},"253":{"name":"/node_modules/@meteocons/svg/fill/partly-cloudy-day.svg","decl":{"start":{"line":4,"column":72},"end":{"line":4,"column":73}},"loc":{"start":{"line":4,"column":72},"end":{"line":4,"column":73}},"line":4},"254":{"name":"/node_modules/@meteocons/svg/fill/partly-cloudy-night-drizzle.svg","decl":{"start":{"line":4,"column":72},"end":{"line":4,"column":73}},"loc":{"start":{"line":4,"column":72},"end":{"line":4,"column":73}},"line":4},"255":{"name":"/node_modules/@meteocons/svg/fill/partly-cloudy-night-fog.svg","decl":{"start":{"line":4,"column":72},"end":{"line":4,"column":73}},"loc":{"start":{"line":4,"column":72},"end":{"line":4,"column":73}},"line":4},"256":{"name":"/node_modules/@meteocons/svg/fill/partly-cloudy-night-hail.svg","decl":{"start":{"line":4,"column":72},"end":{"line":4,"column":73}},"loc":{"start":{"line":4,"column":72},"end":{"line":4,"column":73}},"line":4},"257":{"name":"/node_modules/@meteocons/svg/fill/partly-cloudy-night-haze.svg","decl":{"start":{"line":4,"column":72},"end":{"line":4,"column":73}},"loc":{"start":{"line":4,"column":72},"end":{"line":4,"column":73}},"line":4},"258":{"name":"/node_modules/@meteocons/svg/fill/partly-cloudy-night-rain.svg","decl":{"start":{"line":4,"column":72},"end":{"line":4,"column":73}},"loc":{"start":{"line":4,"column":72},"end":{"line":4,"column":73}},"line":4},"259":{"name":"/node_modules/@meteocons/svg/fill/partly-cloudy-night-sleet.svg","decl":{"start":{"line":4,"column":72},"end":{"line":4,"column":73}},"loc":{"start":{"line":4,"column":72},"end":{"line":4,"column":73}},"line":4},"260":{"name":"/node_modules/@meteocons/svg/fill/partly-cloudy-night-smoke.svg","decl":{"start":{"line":4,"column":72},"end":{"line":4,"column":73}},"loc":{"start":{"line":4,"column":72},"end":{"line":4,"column":73}},"line":4},"261":{"name":"/node_modules/@meteocons/svg/fill/partly-cloudy-night-snow.svg","decl":{"start":{"line":4,"column":72},"end":{"line":4,"column":73}},"loc":{"start":{"line":4,"column":72},"end":{"line":4,"column":73}},"line":4},"262":{"name":"/node_modules/@meteocons/svg/fill/partly-cloudy-night.svg","decl":{"start":{"line":4,"column":72},"end":{"line":4,"column":73}},"loc":{"start":{"line":4,"column":72},"end":{"line":4,"column":73}},"line":4},"263":{"name":"/node_modules/@meteocons/svg/fill/pollen-flower.svg","decl":{"start":{"line":4,"column":72},"end":{"line":4,"column":73}},"loc":{"start":{"line":4,"column":72},"end":{"line":4,"column":73}},"line":4},"264":{"name":"/node_modules/@meteocons/svg/fill/pollen-grass.svg","decl":{"start":{"line":4,"column":72},"end":{"line":4,"column":73}},"loc":{"start":{"line":4,"column":72},"end":{"line":4,"column":73}},"line":4},"265":{"name":"/node_modules/@meteocons/svg/fill/pollen-tree-fir.svg","decl":{"start":{"line":4,"column":72},"end":{"line":4,"column":73}},"loc":{"start":{"line":4,"column":72},"end":{"line":4,"column":73}},"line":4},"266":{"name":"/node_modules/@meteocons/svg/fill/pollen-tree.svg","decl":{"start":{"line":4,"column":72},"end":{"line":4,"column":73}},"loc":{"start":{"line":4,"column":72},"end":{"line":4,"column":73}},"line":4},"267":{"name":"/node_modules/@meteocons/svg/fill/pollen.svg","decl":{"start":{"line":4,"column":72},"end":{"line":4,"column":73}},"loc":{"start":{"line":4,"column":72},"end":{"line":4,"column":73}},"line":4},"268":{"name":"/node_modules/@meteocons/svg/fill/pressure-high-alt.svg","decl":{"start":{"line":4,"column":72},"end":{"line":4,"column":73}},"loc":{"start":{"line":4,"column":72},"end":{"line":4,"column":73}},"line":4},"269":{"name":"/node_modules/@meteocons/svg/fill/pressure-high.svg","decl":{"start":{"line":4,"column":72},"end":{"line":4,"column":73}},"loc":{"start":{"line":4,"column":72},"end":{"line":4,"column":73}},"line":4},"270":{"name":"/node_modules/@meteocons/svg/fill/pressure-low-alt.svg","decl":{"start":{"line":4,"column":72},"end":{"line":4,"column":73}},"loc":{"start":{"line":4,"column":72},"end":{"line":4,"column":73}},"line":4},"271":{"name":"/node_modules/@meteocons/svg/fill/pressure-low.svg","decl":{"start":{"line":4,"column":72},"end":{"line":4,"column":73}},"loc":{"start":{"line":4,"column":72},"end":{"line":4,"column":73}},"line":4},"272":{"name":"/node_modules/@meteocons/svg/fill/rain.svg","decl":{"start":{"line":4,"column":72},"end":{"line":4,"column":73}},"loc":{"start":{"line":4,"column":72},"end":{"line":4,"column":73}},"line":4},"273":{"name":"/node_modules/@meteocons/svg/fill/rainbow-clear.svg","decl":{"start":{"line":4,"column":72},"end":{"line":4,"column":73}},"loc":{"start":{"line":4,"column":72},"end":{"line":4,"column":73}},"line":4},"274":{"name":"/node_modules/@meteocons/svg/fill/rainbow-cloud.svg","decl":{"start":{"line":4,"column":72},"end":{"line":4,"column":73}},"loc":{"start":{"line":4,"column":72},"end":{"line":4,"column":73}},"line":4},"275":{"name":"/node_modules/@meteocons/svg/fill/rainbow.svg","decl":{"start":{"line":4,"column":72},"end":{"line":4,"column":73}},"loc":{"start":{"line":4,"column":72},"end":{"line":4,"column":73}},"line":4},"276":{"name":"/node_modules/@meteocons/svg/fill/raindrop-measure.svg","decl":{"start":{"line":4,"column":72},"end":{"line":4,"column":73}},"loc":{"start":{"line":4,"column":72},"end":{"line":4,"column":73}},"line":4},"277":{"name":"/node_modules/@meteocons/svg/fill/raindrop.svg","decl":{"start":{"line":4,"column":72},"end":{"line":4,"column":73}},"loc":{"start":{"line":4,"column":72},"end":{"line":4,"column":73}},"line":4},"278":{"name":"/node_modules/@meteocons/svg/fill/raindrops.svg","decl":{"start":{"line":4,"column":72},"end":{"line":4,"column":73}},"loc":{"start":{"line":4,"column":72},"end":{"line":4,"column":73}},"line":4},"279":{"name":"/node_modules/@meteocons/svg/fill/sleet.svg","decl":{"start":{"line":4,"column":72},"end":{"line":4,"column":73}},"loc":{"start":{"line":4,"column":72},"end":{"line":4,"column":73}},"line":4},"280":{"name":"/node_modules/@meteocons/svg/fill/smoke-particles.svg","decl":{"start":{"line":4,"column":72},"end":{"line":4,"column":73}},"loc":{"start":{"line":4,"column":72},"end":{"line":4,"column":73}},"line":4},"281":{"name":"/node_modules/@meteocons/svg/fill/smoke.svg","decl":{"start":{"line":4,"column":72},"end":{"line":4,"column":73}},"loc":{"start":{"line":4,"column":72},"end":{"line":4,"column":73}},"line":4},"282":{"name":"/node_modules/@meteocons/svg/fill/snow.svg","decl":{"start":{"line":4,"column":72},"end":{"line":4,"column":73}},"loc":{"start":{"line":4,"column":72},"end":{"line":4,"column":73}},"line":4},"283":{"name":"/node_modules/@meteocons/svg/fill/snowflake.svg","decl":{"start":{"line":4,"column":72},"end":{"line":4,"column":73}},"loc":{"start":{"line":4,"column":72},"end":{"line":4,"column
[...]
src\\features\\weather\\components\\CurrentWeather.tsx","all":false,"statementMap":{"0":{"start":{"line":1,"column":0},"end":{"line":1,"column":74}},"1":{"start":{"line":2,"column":0},"end":{"line":2,"column":67}},"3":{"start":{"line":4,"column":0},"end":{"line":4,"column":43}},"4":{"start":{"line":5,"column":0},"end":{"line":5,"column":48}},"6":{"start":{"line":7,"column":0},"end":{"line":7,"column":31}},"19":{"start":{"line":20,"column":0},"end":{"line":20,"column":25}},"20":{"start":{"line":21,"column":0},"end":{"line":21,"column":11}},"21":{"start":{"line":22,"column":0},"end":{"line":22,"column":14}},"22":{"start":{"line":23,"column":0},"end":{"line":23,"column":12}},"23":{"start":{"line":24,"column":0},"end":{"line":24,"column":14}},"24":{"start":{"line":25,"column":0},"end":{"line":25,"column":7}},"25":{"start":{"line":26,"column":0},"end":{"line":26,"column":8}},"26":{"start":{"line":27,"column":0},"end":{"line":27,"column":8}},"27":{"start":{"line":28,"column":0},"end":{"line":28,"column":16}},"28":{"start":{"line":29,"column":0},"end":{"line":29,"column":14}},"29":{"start":{"line":30,"column":0},"end":{"line":30,"column":50}},"30":{"start":{"line":31,"column":0},"end":{"line":31,"column":55}},"31":{"start":{"line":32,"column":0},"end":{"line":32,"column":20}},"32":{"start":{"line":33,"column":0},"end":{"line":33,"column":18}},"33":{"start":{"line":34,"column":0},"end":{"line":34,"column":19}},"34":{"start":{"line":35,"column":0},"end":{"line":35,"column":5}},"35":{"start":{"line":36,"column":0},"end":{"line":36,"column":55}},"36":{"start":{"line":37,"column":0},"end":{"line":37,"column":20}},"37":{"start":{"line":38,"column":0},"end":{"line":38,"column":22}},"38":{"start":{"line":39,"column":0},"end":{"line":39,"column":5}},"39":{"start":{"line":40,"column":0},"end":{"line":40,"column":48}},"41":{"start":{"line":42,"column":0},"end":{"line":42,"column":10}},"42":{"start":{"line":43,"column":0},"end":{"line":43,"column":76}},"43":{"start":{"line":44,"column":0},"end":{"line":44,"column":39}},"44":{"start":{"line":45,"column":0},"end":{"line":45,"column":49}},"45":{"start":{"line":46,"column":0},"end":{"line":46,"column":53}},"46":{"start":{"line":47,"column":0},"end":{"line":47,"column":65}},"47":{"start":{"line":48,"column":0},"end":{"line":48,"column":65}},"48":{"start":{"line":49,"column":0},"end":{"line":49,"column":16}},"49":{"start":{"line":50,"column":0},"end":{"line":50,"column":58}},"50":{"start":{"line":51,"column":0},"end":{"line":51,"column":14}},"51":{"start":{"line":52,"column":0},"end":{"line":52,"column":47}},"52":{"start":{"line":53,"column":0},"end":{"line":53,"column":69}},"53":{"start":{"line":54,"column":0},"end":{"line":54,"column":14}},"54":{"start":{"line":55,"column":0},"end":{"line":55,"column":12}},"56":{"start":{"line":57,"column":0},"end":{"line":57,"column":37}},"57":{"start":{"line":58,"column":0},"end":{"line":58,"column":47}},"58":{"start":{"line":59,"column":0},"end":{"line":59,"column":42}},"59":{"start":{"line":60,"column":0},"end":{"line":60,"column":72}},"60":{"start":{"line":61,"column":0},"end":{"line":61,"column":17}},"61":{"start":{"line":62,"column":0},"end":{"line":62,"column":79}},"62":{"start":{"line":63,"column":0},"end":{"line":63,"column":14}},"64":{"start":{"line":65,"column":0},"end":{"line":65,"column":39}},"65":{"start":{"line":66,"column":0},"end":{"line":66,"column":41}},"66":{"start":{"line":67,"column":0},"end":{"line":67,"column":38}},"67":{"start":{"line":68,"column":0},"end":{"line":68,"column":48}},"68":{"start":{"line":69,"column":0},"end":{"line":69,"column":21}},"69":{"start":{"line":70,"column":0},"end":{"line":70,"column":16}},"70":{"start":{"line":71,"column":0},"end":{"line":71,"column":47}},"71":{"start":{"line":72,"column":0},"end":{"line":72,"column":79}},"72":{"start":{"line":73,"column":0},"end":{"line":73,"column":48}},"73":{"start":{"line":74,"column":0},"end":{"line":74,"column":16}},"74":{"start":{"line":75,"column":0},"end":{"line":75,"column":14}},"75":{"start":{"line":76,"column":0},"end":{"line":76,"column":12}},"77":{"start":{"line":78,"column":0},"end":{"line":78,"column":38}},"78":{"start":{"line":79,"column":0},"end":{"line":79,"column":39}},"79":{"start":{"line":80,"column":0},"end":{"line":80,"column":54}},"80":{"start":{"line":81,"column":0},"end":{"line":81,"column":50}},"81":{"start":{"line":82,"column":0},"end":{"line":82,"column":50}},"82":{"start":{"line":83,"column":0},"end":{"line":83,"column":66}},"83":{"start":{"line":84,"column":0},"end":{"line":84,"column":36}},"84":{"start":{"line":85,"column":0},"end":{"line":85,"column":19}},"85":{"start":{"line":86,"column":0},"end":{"line":86,"column":70}},"86":{"start":{"line":87,"column":0},"end":{"line":87,"column":16}},"87":{"start":{"line":88,"column":0},"end":{"line":88,"column":14}},"88":{"start":{"line":89,"column":0},"end":{"line":89,"column":12}},"89":{"start":{"line":90,"column":0},"end":{"line":90,"column":10}},"91":{"start":{"line":92,"column":0},"end":{"line":92,"column":2}},"93":{"start":{"line":94,"column":0},"end":{"line":94,"column":30}}},"s":{"0":1,"1":1,"3":1,"4":1,"6":1,"19":1,"20":5,"21":5,"22":5,"23":5,"24":5,"25":5,"26":5,"27":5,"28":5,"29":5,"30":5,"31":5,"32":5,"33":5,"34":5,"35":5,"36":5,"37":5,"38":5,"39":5,"41":5,"42":5,"43":5,"44":5,"45":5,"46":5,"47":5,"48":5,"49":5,"50":5,"51":5,"52":5,"53":5,"54":5,"56":5,"57":5,"58":5,"59":5,"60":5,"61":5,"62":5,"64":5,"65":5,"66":5,"67":2,"68":3,"69":5,"70":5,"71":5,"72":5,"73":5,"74":5,"75":5,"77":5,"78":5,"79":5,"80":5,"81":5,"82":5,"83":5,"84":5,"85":5,"86":5,"87":5,"88":5,"89":5,"91":5,"93":1},"branchMap":{"0":{"type":"branch","line":20,"loc":{"start":{"line":20,"column":23},"end":{"line":92,"column":2}},"locations":[{"start":{"line":20,"column":23},"end":{"line":92,"column":2}}]},"1":{"type":"branch","line":30,"loc":{"start":{"line":30,"column":15},"end":{"line":30,"column":39}},"locations":[{"start":{"line":30,"column":15},"end":{"line":30,"column":39}}]},"2":{"type":"branch","line":30,"loc":{"start":{"line":30,"column":35},"end":{"line":30,"column":50}},"locations":[{"start":{"line":30,"column":35},"end":{"line":30,"column":50}}]},"3":{"type":"branch","line":43,"loc":{"start":{"line":43,"column":31},"end":{"line":43,"column":56}},"locations":[{"start":{"line":43,"column":31},"end":{"line":43,"column":56}}]},"4":{"type":"branch","line":43,"loc":{"start":{"line":43,"column":39},"end":{"line":43,"column":72}},"locations":[{"start":{"line":43,"column":39},"end":{"line":43,"column":72}}]},"5":{"type":"branch","line":60,"loc":{"start":{"line":60,"column":29},"end":{"line":60,"column":67}},"locations":[{"start":{"line":60,"column":29},"end":{"line":60,"column":67}}]},"6":{"type":"branch","line":60,"loc":{"start":{"line":60,"column":63},"end":{"line":60,"column":72}},"locations":[{"start":{"line":60,"column":63},"end":{"line":60,"column":72}}]},"7":{"type":"branch","line":62,"loc":{"start":{"line":62,"column":43},"end":{"line":62,"column":68}},"locations":[{"start":{"line":62,"column":43},"end":{"line":62,"column":68}}]},"8":{"type":"branch","line":62,"loc":{"start":{"line":62,"column":50},"end":{"line":62,"column":72}},"locations":[{"start":{"line":62,"column":50},"end":{"line":62,"column":72}}]},"9":{"type":"branch","line":67,"loc":{"start":{"line":67,"column":29},"end":{"line":68,"column":48}},"locations":[{"start":{"line":67,"column":29},"end":{"line":68,"column":48}}]},"10":{"type":"branch","line":68,"loc":{"start":{"line":68,"column":47},"end":{"line":69,"column":21}},"locations":[{"start":{"line":68,"column":47},"end":{"line":69,"column":21}}]},"11":{"type":"branch","line":72,"loc":{"start":{"line":72,"column":38},"end":{"line":72,"column":74}},"locations":[{"start":{"line":72,"column":38},"end":{"line":72,"column":74}}]},"12":{"type":"branch","line":72,"loc":{"start":{"line":72,"column":70},"end":{"line":72,"column":79}},"locations":[{"start":{"line":72,"column":70},"end":{"line":72,"column":79}}]},"13":{"type":"branch","line":73,"loc":{"start":{"line":73,"column":13},"end":{"line":73,"column":44}},"locations":[{"start":{"line":73,"column":13},"end":{"line":73,"column":44}}]},"14":{"type":"branch","line":73,"loc":{"start":{"line":73,"column":20},"end":{"line":73,"column":48}},"locations":[{"start":{"line":73,"column":20},"end":{"line":73,"column":48}}]},"15":{"type":"branch","line":83,"loc":{"start":{"line":83,"column":33},"end":{"line":83,"column":61}},"locations":[{"start":{"line":83,"column":33},"end":{"line":83,"column":61}}]},"16":{"type":"branch","line":83,"loc":{"start":{"line":83,"column":45},"end":{"line":83,"column":66}},"locations":[{"start":{"line":83,"column":45},"end":{"line":83,"column":66}}]},"17":{"type":"branch","line":84,"loc":{"start":{"line":84,"column":15},"end":{"line":84,"column":36}},"locations":[{"start":{"line":84,"column":15},"end":{"line":84,"column":36}}]}},"b":{"0":[5],"1":[2],"2":[3],"3":[3],"4":[2],"5":[2],"6":[3],"7":[2],"8":[3],"9":[2],"10":[3],"11":[2],"12":[3],"13":[2],"14":[3],"15":[2],"16":[3],"17":[2]},"fnMap":{"0":{"name":"CurrentWeather","decl":{"start":{"line":20,"column":23},"end":{"line":92,"column":2}},"loc":{"start":{"line":20,"column":23},"end":{"line":92,"column":2}},"line":20}},"f":{"0":5}}
,"C:\\Users\\nguye\\Desktop\\Project\\weather-app\\src\\features\\weather\\components\\DailyForecast.tsx": {"path":"C:\\Users\\nguye\\Desktop\\Project\\weather-app\\src\\features\\weather\\components\\DailyForecast.tsx","all":false,"statementMap":{"0":{"start":{"line":1,"column":0},"end":{"line":1,"column":74}},"2":{"start":{"line":3,"column":0},"end":{"line":3,"column":40}},"4":{"start":{"line":5,"column":0},"end":{"line":5,"column":30}},"10":{"start":{"line":11,"column":0},"end":{"line":11,"column":44}},"11":{"start":{"line":12,"column":0},"end":{"line":12,"column":10}},"12":{"start":{"line":13,"column":0},"end":{"line":13,"column":27}},"13":{"start":{"line":14,"column":0},"end":{"line":14,"column":56}},"15":{"start":{"line":16,"column":0},"end":{"line":16,"column":37}},"16":{"start":{"line":17,"column":0},"end":{"line":17,"column":28}},"17":{"start":{"line":18,"column":0},"end":{"line":18,"column":42}},"19":{"start":{"line":20,"column":0},"end":{"line":20,"column":76}},"21":{"start":{"line":22,"column":0},"end":{"line":22,"column":31}},"22":{"start":{"line":23,"column":0},"end":{"line":23,"column":21}},"23":{"start":{"line":24,"column":0},"end":{"line":24,"column":50}},"24":{"start":{"line":25,"column":0},"end":{"line":25,"column":33}},"25":{"start":{"line":26,"column":0},"end":{"line":26,"column":17}},"27":{"start":{"line":28,"column":0},"end":{"line":28,"column":18}},"28":{"start":{"line":29,"column":0},"end":{"line":29,"column":55}},"29":{"start":{"line":30,"column":0},"end":{"line":30,"column":58}},"31":{"start":{"line":32,"column":0},"end":{"line":32,"column":46}},"32":{"start":{"line":33,"column":0},"end":{"line":33,"column":53}},"33":{"start":{"line":34,"column":0},"end":{"line":34,"column":33}},"34":{"start":{"line":35,"column":0},"end":{"line":35,"column":33}},"35":{"start":{"line":36,"column":0},"end":{"line":36,"column":19}},"36":{"start":{"line":37,"column":0},"end":{"line":37,"column":20}},"38":{"start":{"line":39,"column":0},"end":{"line":39,"column":63}},"40":{"start":{"line":41,"column":0},"end":{"line":41,"column":46}},"41":{"start":{"line":42,"column":0},"end":{"line":42,"column":60}},"42":{"start":{"line":43,"column":0},"end":{"line":43,"column":53}},"43":{"start":{"line":44,"column":0},"end":{"line":44,"column":20}},"45":{"start":{"line":46,"column":0},"end":{"line":46,"column":46}},"46":{"start":{"line":47,"column":0},"end":{"line":47,"column":68}},"47":{"start":{"line":48,"column":0},"end":{"line":48,"column":52}},"48":{"start":{"line":49,"column":0},"end":{"line":49,"column":20}},"49":{"start":{"line":50,"column":0},"end":{"line":50,"column":18}},"51":{"start":{"line":52,"column":0},"end":{"line":52,"column":11}},"52":{"start":{"line":53,"column":0},"end":{"line":53,"column":12}},"53":{"start":{"line":54,"column":0},"end":{"line":54,"column":10}},"55":{"start":{"line":56,"column":0},"end":{"line":56,"column":2}},"57":{"start":{"line":58,"column":0},"end":{"line":58,"column":29}}},"s":{"0":1,"2":1,"4":1,"10":1,"11":3,"12":3,"13":3,"15":3,"16":3,"17":4,"19":4,"21":4,"22":2,"23":2,"24":2,"25":2,"27":4,"28":4,"29":4,"31":4,"32":4,"33":4,"34":4,"35":4,"36":4,"38":4,"40":4,"41":4,"42":4,"43":4,"45":4,"46":4,"47":4,"48":4,"49":4,"51":3,"52":3,"53":3,"55":3,"57":1},"branchMap":{"0":{"type":"branch","line":11,"loc":{"start":{"line":11,"column":22},"end":{"line":56,"column":2}},"locations":[{"start":{"line":11,"column":22},"end":{"line":56,"column":2}}]},"1":{"type":"branch","line":17,"loc":{"start":{"line":17,"column":18},"end":{"line":52,"column":9}},"locations":[{"start":{"line":17,"column":18},"end":{"line":52,"column":9}}]},"2":{"type":"branch","line":22,"loc":{"start":{"line":22,"column":24},"end":{"line":23,"column":21}},"locations":[{"start":{"line":22,"column":24},"end":{"line":23,"column":21}}]},"3":{"type":"branch","line":23,"loc":{"start":{"line":23,"column":14},"end":{"line":26,"column":17}},"locations":[{"start":{"line":23,"column":14},"end":{"line":26,"column":17}}]}},"b":{"0":[3],"1":[4],"2":[2],"3":[2]},"fnMap":{"0":{"name":"DailyForecast","decl":{"start":{"line":11,"column":22},"end":{"line":56,"column":2}},"loc":{"start":{"line":11,"column":22},"end":{"line":56,"column":2}},"line":11}},"f":{"0":3}}
,"C:\\Users\\nguye\\Desktop\\Project\\weather-app\\src\\features\\weather\\utils\\transformDailyData.ts": {"path":"C:\\Users\\nguye\\Desktop\\Project\\weather-app\\src\\features\\weather\\utils\\transformDailyData.ts","all":false,"statementMap":{"10":{"start":{"line":11,"column":0},"end":{"line":11,"column":74}},"11":{"start":{"line":12,"column":0},"end":{"line":12,"column":40}},"12":{"start":{"line":13,"column":0},"end":{"line":13,"column":9}},"13":{"start":{"line":14,"column":0},"end":{"line":14,"column":40}},"14":{"start":{"line":15,"column":0},"end":{"line":15,"column":52}},"15":{"start":{"line":16,"column":0},"end":{"line":16,"column":52}},"16":{"start":{"line":17,"column":0},"end":{"line":17,"column":74}},"17":{"start":{"line":18,"column":0},"end":{"line":18,"column":6}},"18":{"start":{"line":19,"column":0},"end":{"line":19,"column":1}}},"s":{"10":1,"11":3,"12":0,"13":0,"14":0,"15":0,"16":0,"17":3,"18":3},"branchMap":{"0":{"type":"branch","line":11,"loc":{"start":{"line":11,"column":7},"end":{"line":19,"column":1}},"locations":[{"start":{"line":11,"column":7},"end":{"line":19,"column":1}}]},"1":{"type":"branch","line":12,"loc":{"start":{"line":12,"column":15},"end":{"line":12,"column":25}},"locations":[{"start":{"line":12,"column":15},"end":{"line":12,"column":25}}]}},"b":{"0":[3],"1":[0]},"fnMap":{"0":{"name":"transformDailyData","decl":{"start":{"line":11,"column":7},"end":{"line":19,"column":1}},"loc":{"start":{"line":11,"column":7},"end":{"line":19,"column":1}},"line":11}},"f":{"0":3}}
,"C:\\Users\\nguye\\Desktop\\Project\\weather-app\\src\\hooks\\useWeatherQuery.ts": {"path":"C:\\Users\\nguye\\Desktop\\Project\\weather-app\\src\\hooks\\useWeatherQuery.ts","all":false,"statementMap":{"0":{"start":{"line":1,"column":0},"end":{"line":1,"column":49}},"1":{"start":{"line":2,"column":0},"end":{"line":2,"column":46}},"4":{"start":{"line":5,"column":0},"end":{"line":5,"column":64}},"5":{"start":{"line":6,"column":0},"end":{"line":6,"column":19}},"6":{"start":{"line":7,"column":0},"end":{"line":7,"column":15}},"7":{"start":{"line":8,"column":0},"end":{"line":8,"column":16}},"8":{"start":{"line":9,"column":0},"end":{"line":9,"column":22}},"9":{"start":{"line":10,"column":0},"end":{"line":10,"column":23}},"10":{"start":{"line":11,"column":0},"end":{"line":11,"column":22}},"11":{"start":{"line":12,"column":0},"end":{"line":12,"column":30}},"12":{"start":{"line":13,"column":0},"end":{"line":13,"column":6}},"13":{"start":{"line":14,"column":0},"end":{"line":14,"column":40}},"14":{"start":{"line":15,"column":0},"end":{"line":15,"column":12}},"15":{"start":{"line":16,"column":0},"end":{"line":16,"column":26}},"16":{"start":{"line":17,"column":0},"end":{"line":17,"column":27}},"17":{"start":{"line":18,"column":0},"end":{"line":18,"column":26}},"18":{"start":{"line":19,"column":0},"end":{"line":19,"column":32}},"19":{"start":{"line":20,"column":0},"end":{"line":20,"column":29}},"20":{"start":{"line":21,"column":0},"end":{"line":21,"column":35}},"21":{"start":{"line":22,"column":0},"end":{"line":22,"column":5}},"22":{"start":{"line":23,"column":0},"end":{"line":23,"column":2}}},"s":{"0":1,"1":1,"4":1,"5":3,"6":3,"7":3,"8":3,"9":3,"10":3,"11":3,"12":3,"13":3,"14":3,"15":3,"16":3,"17":3,"18":3,"19":3,"20":3,"21":3,"22":3},"branchMap":{"0":{"type":"branch","line":5,"loc":{"start":{"line":5,"column":31},"end":{"line":23,"column":2}},"locations":[{"start":{"line":5,"column":31},"end":{"line":23,"column":2}}]},"1":{"type":"branch","line":14,"loc":{"start":{"line":14,"column":13},"end":{"line":14,"column":40}},"locations":[{"start":{"line":14,"column":13},"end":{"line":14,"column":40}}]}},"b":{"0":[3],"1":[1]},"fnMap":{"0":{"name":"useWeatherQuery","decl":{"start":{"line":5,"column":31},"end":{"line":23,"column":2}},"loc":{"start":{"line":5,"column":31},"end":{"line":23,"column":2}},"line":5},"1":{"name":"queryFn","decl":{"start":{"line":14,"column":13},"end":{"line":14,"column":40}},"loc":{"start":{"line":14,"column":13},"end":{"line":14,"column":40}},"line":14}},"f":{"0":3,"1":1}}
,"C:\\Users\\nguye\\Desktop\\Project\\weather-app\\src\\test\\testUtils.ts": {"path":"C:\\Users\\nguye\\Desktop\\Project\\weather-app\\src\\test\\testUtils.ts","all":false,"statementMap":{"0":{"start":{"line":1,"column":0},"end":{"line":1,"column":46}},"1":{"start":{"line":2,"column":0},"end":{"line":2,"column":73}},"3":{"start":{"line":4,"column":0},"end":{"line":4,"column":42}},"4":{"start":{"line":5,"column":0},"end":{"line":5,"column":19}},"5":{"start":{"line":6,"column":0},"end":{"line":6,"column":21}},"6":{"start":{"line":7,"column":0},"end":{"line":7,"column":16}},"7":{"start":{"line":8,"column":0},"end":{"line":8,"column":21}},"8":{"start":{"line":9,"column":0},"end":{"line":9,"column":8}},"9":{"start":{"line":10,"column":0},"end":{"line":10,"column":6}},"10":{"start":{"line":11,"column":0},"end":{"line":11,"column":5}},"12":{"start":{"line":13,"column":0},"end":{"line":13,"column":41}},"13":{"start":{"line":14,"column":0},"end":{"line":14,"column":46}},"14":{"start":{"line":15,"column":0},"end":{"line":15,"column":60}},"15":{"start":{"line":16,"column":0},"end":{"line":16,"column":80}},"17":{"start":{"line":18,"column":0},"end":{"line":18,"column":34}},"18":{"start":{"line":19,"column":0},"end":{"line":19,"column":2}}},"s":{"0":1,"1":1,"3":1,"4":7,"5":7,"6":7,"7":7,"8":7,"9":7,"10":7,"12":1,"13":7,"14":7,"15":7,"17":7,"18":7},"branchMap":{"0":{"type":"branch","line":4,"loc":{"start":{"line":4,"column":37},"end":{"line":11,"column":5}},"locations":[{"start":{"line":4,"column":37},"end":{"line":11,"column":5}}]},"1":{"type":"branch","line":13,"loc":{"start":{"line":13,"column":34},"end":{"line":19,"column":2}},"locations":[{"start":{"line":13,"column":34},"end":{"line":19,"column":2}}]},"2":{"type":"branch","line":15,"loc":{"start":{"line":15,"column":18},"end":{"line":16,"column":80}},"locations":[{"start":{"line":15,"column":18},"end":{"line":16,"column":80}}]}},"b":{"0":[7],"1":[7],"2":[7]},"fnMap":{"0":{"name":"createTestQueryClient","decl":{"start":{"line":4,"column":37},"end":{"line":11,"column":5}},"loc":{"start":{"line":4,"column":37},"end":{"line":11,"column":5}},"line":4},"1":{"name":"createQueryWrapper","decl":{"start":{"line":13,"column":34},"end":{"line":19,"column":2}},"loc":{"start":{"line":13,"column":34},"end":{"line":19,"column":2}},"line":13},"2":{"name":"wrapper","decl":{"start":{"line":15,"column":18},"end":{"line":16,"column":80}},"loc":{"start":{"line":15,"column":18},"end":{"line":16,"column":80}},"line":15}},"f":{"0":7,"1":7,"2":7}}
}
